# JRE version: Java(TM) SE Runtime Environment (8.0_111-b14) (build 1.8.0_111-b14)
# Java VM: Java HotSpot(TM) 64-Bit Server VM (25.111-b14 mixed mode windows-amd64 compressed oops)
Heap:
 PSYoungGen      total 328192K, used 208705K [0x00000000d5580000, 0x00000000ec600000, 0x0000000100000000)
  eden space 317440K, 62% used [0x00000000d5580000,0x00000000e16d5a30,0x00000000e8b80000)
  from space 10752K, 99% used [0x00000000e8b80000,0x00000000e95facb0,0x00000000e9600000)
  to   space 24064K, 0% used [0x00000000eae80000,0x00000000eae80000,0x00000000ec600000)
 ParOldGen       total 150016K, used 91352K [0x0000000080000000, 0x0000000089280000, 0x00000000d5580000)
  object space 150016K, 60% used [0x0000000080000000,0x0000000085936278,0x0000000089280000)
 Metaspace       used 59244K, capacity 67550K, committed 67792K, reserved 1107968K
  class space    used 7230K, capacity 9583K, committed 9680K, reserved 1048576K
GC Heap History (10 events):
Event: 15.631 GC heap before
{Heap before GC invocations=16 (full 2):
 PSYoungGen      total 205312K, used 201531K [0x00000000d5580000, 0x00000000e6300000, 0x0000000100000000)
  eden space 194560K, 100% used [0x00000000d5580000,0x00000000e1380000,0x00000000e1380000)
  from space 10752K, 64% used [0x00000000e1380000,0x00000000e1a4ef60,0x00000000e1e00000)
  to   space 10752K, 0% used [0x00000000e5880000,0x00000000e5880000,0x00000000e6300000)
 ParOldGen       total 124928K, used 47890K [0x0000000080000000, 0x0000000087a00000, 0x00000000d5580000)
  object space 124928K, 38% used [0x0000000080000000,0x0000000082ec4958,0x0000000087a00000)
 Metaspace       used 40055K, capacity 43856K, committed 44080K, reserved 1087488K
  class space    used 4471K, capacity 5646K, committed 5680K, reserved 1048576K
Event: 15.651 GC heap after
Heap after GC invocations=16 (full 2):
 PSYoungGen      total 259072K, used 6996K [0x00000000d5580000, 0x00000000e6000000, 0x0000000100000000)
  eden space 251392K, 0% used [0x00000000d5580000,0x00000000d5580000,0x00000000e4b00000)
  from space 7680K, 91% used [0x00000000e5880000,0x00000000e5f55040,0x00000000e6000000)
  to   space 10752K, 0% used [0x00000000e4b00000,0x00000000e4b00000,0x00000000e5580000)
 ParOldGen       total 124928K, used 51411K [0x0000000080000000, 0x0000000087a00000, 0x00000000d5580000)
  object space 124928K, 41% used [0x0000000080000000,0x0000000083234cd8,0x0000000087a00000)
 Metaspace       used 40055K, capacity 43856K, committed 44080K, reserved 1087488K
  class space    used 4471K, capacity 5646K, committed 5680K, reserved 1048576K
}
Event: 17.348 GC heap before
{Heap before GC invocations=17 (full 2):
 PSYoungGen      total 259072K, used 162931K [0x00000000d5580000, 0x00000000e6000000, 0x0000000100000000)
  eden space 251392K, 62% used [0x00000000d5580000,0x00000000dedc7db0,0x00000000e4b00000)
  from space 7680K, 91% used [0x00000000e5880000,0x00000000e5f55040,0x00000000e6000000)
  to   space 10752K, 0% used [0x00000000e4b00000,0x00000000e4b00000,0x00000000e5580000)
 ParOldGen       total 124928K, used 51411K [0x0000000080000000, 0x0000000087a00000, 0x00000000d5580000)
  object space 124928K, 41% used [0x0000000080000000,0x0000000083234cd8,0x0000000087a00000)
 Metaspace       used 45101K, capacity 49950K, committed 50000K, reserved 1091584K
  class space    used 5475K, capacity 6978K, committed 6992K, reserved 1048576K
Event: 17.367 GC heap after
Heap after GC invocations=17 (full 2):
 PSYoungGen      total 262144K, used 7399K [0x00000000d5580000, 0x00000000ea380000, 0x0000000100000000)
  eden space 251392K, 0% used [0x00000000d5580000,0x00000000d5580000,0x00000000e4b00000)
  from space 10752K, 68% used [0x00000000e4b00000,0x00000000e5239dc0,0x00000000e5580000)
  to   space 10752K, 0% used [0x00000000e9900000,0x00000000e9900000,0x00000000ea380000)
 ParOldGen       total 124928K, used 55616K [0x0000000080000000, 0x0000000087a00000, 0x00000000d5580000)
  object space 124928K, 44% used [0x0000000080000000,0x00000000836500b8,0x0000000087a00000)
 Metaspace       used 45101K, capacity 49950K, committed 50000K, reserved 1091584K
  class space    used 5475K, capacity 6978K, committed 6992K, reserved 1048576K
}
Event: 17.368 GC heap before
{Heap before GC invocations=18 (full 3):
 PSYoungGen      total 262144K, used 7399K [0x00000000d5580000, 0x00000000ea380000, 0x0000000100000000)
  eden space 251392K, 0% used [0x00000000d5580000,0x00000000d5580000,0x00000000e4b00000)
  from space 10752K, 68% used [0x00000000e4b00000,0x00000000e5239dc0,0x00000000e5580000)
  to   space 10752K, 0% used [0x00000000e9900000,0x00000000e9900000,0x00000000ea380000)
 ParOldGen       total 124928K, used 55616K [0x0000000080000000, 0x0000000087a00000, 0x00000000d5580000)
  object space 124928K, 44% used [0x0000000080000000,0x00000000836500b8,0x0000000087a00000)
 Metaspace       used 45101K, capacity 49950K, committed 50000K, reserved 1091584K
  class space    used 5475K, capacity 6978K, committed 6992K, reserved 1048576K
Event: 17.819 GC heap after
Heap after GC invocations=18 (full 3):
 PSYoungGen      total 262144K, used 0K [0x00000000d5580000, 0x00000000ea380000, 0x0000000100000000)
  eden space 251392K, 0% used [0x00000000d5580000,0x00000000d5580000,0x00000000e4b00000)
  from space 10752K, 0% used [0x00000000e4b00000,0x00000000e4b00000,0x00000000e5580000)
  to   space 10752K, 0% used [0x00000000e9900000,0x00000000e9900000,0x00000000ea380000)
 ParOldGen       total 150016K, used 59600K [0x0000000080000000, 0x0000000089280000, 0x00000000d5580000)
  object space 150016K, 39% used [0x0000000080000000,0x0000000083a34180,0x0000000089280000)
 Metaspace       used 45101K, capacity 49950K, committed 50000K, reserved 1091584K
  class space    used 5475K, capacity 6978K, committed 6992K, reserved 1048576K
}
Event: 20.217 GC heap before
{Heap before GC invocations=19 (full 3):
 PSYoungGen      total 262144K, used 251392K [0x00000000d5580000, 0x00000000ea380000, 0x0000000100000000)
  eden space 251392K, 100% used [0x00000000d5580000,0x00000000e4b00000,0x00000000e4b00000)
  from space 10752K, 0% used [0x00000000e4b00000,0x00000000e4b00000,0x00000000e5580000)
  to   space 10752K, 0% used [0x00000000e9900000,0x00000000e9900000,0x00000000ea380000)
 ParOldGen       total 150016K, used 59600K [0x0000000080000000, 0x0000000089280000, 0x00000000d5580000)
  object space 150016K, 39% used [0x0000000080000000,0x0000000083a34180,0x0000000089280000)
 Metaspace       used 50997K, capacity 56558K, committed 56784K, reserved 1097728K
  class space    used 6078K, capacity 7796K, committed 7888K, reserved 1048576K
Event: 20.236 GC heap after
Heap after GC invocations=19 (full 3):
 PSYoungGen      total 304128K, used 7544K [0x00000000d5580000, 0x00000000ea080000, 0x0000000100000000)
  eden space 296448K, 0% used [0x00000000d5580000,0x00000000d5580000,0x00000000e7700000)
  from space 7680K, 98% used [0x00000000e9900000,0x00000000ea05e118,0x00000000ea080000)
  to   space 10752K, 0% used [0x00000000e8b80000,0x00000000e8b80000,0x00000000e9600000)
 ParOldGen       total 150016K, used 59608K [0x0000000080000000, 0x0000000089280000, 0x00000000d5580000)
  object space 150016K, 39% used [0x0000000080000000,0x0000000083a36180,0x0000000089280000)
 Metaspace       used 50997K, capacity 56558K, committed 56784K, reserved 1097728K
  class space    used 6078K, capacity 7796K, committed 7888K, reserved 1048576K
}
Event: 24.094 GC heap before
{Heap before GC invocations=20 (full 3):
 PSYoungGen      total 304128K, used 303992K [0x00000000d5580000, 0x00000000ea080000, 0x0000000100000000)
  eden space 296448K, 100% used [0x00000000d5580000,0x00000000e7700000,0x00000000e7700000)
  from space 7680K, 98% used [0x00000000e9900000,0x00000000ea05e118,0x00000000ea080000)
  to   space 10752K, 0% used [0x00000000e8b80000,0x00000000e8b80000,0x00000000e9600000)
 ParOldGen       total 150016K, used 59608K [0x0000000080000000, 0x0000000089280000, 0x00000000d5580000)
  object space 150016K, 39% used [0x0000000080000000,0x0000000083a36180,0x0000000089280000)
 Metaspace       used 58759K, capacity 66734K, committed 66896K, reserved 1105920K
  class space    used 7195K, capacity 9503K, committed 9552K, reserved 1048576K
Event: 24.129 GC heap after
Heap after GC invocations=20 (full 3):
 PSYoungGen      total 328192K, used 10731K [0x00000000d5580000, 0x00000000ec600000, 0x0000000100000000)
  eden space 317440K, 0% used [0x00000000d5580000,0x00000000d5580000,0x00000000e8b80000)
  from space 10752K, 99% used [0x00000000e8b80000,0x00000000e95facb0,0x00000000e9600000)
  to   space 24064K, 0% used [0x00000000eae80000,0x00000000eae80000,0x00000000ec600000)
 ParOldGen       total 150016K, used 91352K [0x0000000080000000, 0x0000000089280000, 0x00000000d5580000)
  object space 150016K, 60% used [0x0000000080000000,0x0000000085936278,0x0000000089280000)
 Metaspace       used 58759K, capacity 66734K, committed 66896K, reserved 1105920K
  class space    used 7195K, capacity 9503K, committed 9552K, reserved 1048576K
}

