# JRE version: Java(TM) SE Runtime Environment (8.0_111-b14) (build 1.8.0_111-b14)
# Java VM: Java HotSpot(TM) 64-Bit Server VM (25.111-b14 mixed mode windows-amd64 compressed oops)
Heap:
 PSYoungGen      total 407040K, used 272859K [0x00000000d5580000, 0x00000000f1300000, 0x0000000100000000)
  eden space 397312K, 66% used [0x00000000d5580000,0x00000000e568f208,0x00000000ed980000)
  from space 9728K, 99% used [0x00000000f0980000,0x00000000f12e7dd0,0x00000000f1300000)
  to   space 14848K, 0% used [0x00000000ef600000,0x00000000ef600000,0x00000000f0480000)
 ParOldGen       total 151040K, used 59032K [0x0000000080000000, 0x0000000089380000, 0x00000000d5580000)
  object space 151040K, 39% used [0x0000000080000000,0x00000000839a6108,0x0000000089380000)
 Metaspace       used 59076K, capacity 67264K, committed 67416K, reserved 1107968K
  class space    used 7215K, capacity 9554K, committed 9600K, reserved 1048576K
GC Heap History (10 events):
Event: 13.847 GC heap before
{Heap before GC invocations=13 (full 2):
 PSYoungGen      total 257536K, used 248446K [0x00000000d5580000, 0x00000000e6080000, 0x0000000100000000)
  eden space 243712K, 100% used [0x00000000d5580000,0x00000000e4380000,0x00000000e4380000)
  from space 13824K, 34% used [0x00000000e5080000,0x00000000e551f978,0x00000000e5e00000)
  to   space 13312K, 0% used [0x00000000e4380000,0x00000000e4380000,0x00000000e5080000)
 ParOldGen       total 131584K, used 46613K [0x0000000080000000, 0x0000000088080000, 0x00000000d5580000)
  object space 131584K, 35% used [0x0000000080000000,0x0000000082d856f8,0x0000000088080000)
 Metaspace       used 37705K, capacity 40994K, committed 41088K, reserved 1085440K
  class space    used 4192K, capacity 5205K, committed 5248K, reserved 1048576K
Event: 13.866 GC heap after
Heap after GC invocations=13 (full 2):
 PSYoungGen      total 257024K, used 7645K [0x00000000d5580000, 0x00000000ea680000, 0x0000000100000000)
  eden space 243712K, 0% used [0x00000000d5580000,0x00000000d5580000,0x00000000e4380000)
  from space 13312K, 57% used [0x00000000e4380000,0x00000000e4af74d8,0x00000000e5080000)
  to   space 12800K, 0% used [0x00000000e9a00000,0x00000000e9a00000,0x00000000ea680000)
 ParOldGen       total 131584K, used 48684K [0x0000000080000000, 0x0000000088080000, 0x00000000d5580000)
  object space 131584K, 36% used [0x0000000080000000,0x0000000082f8b050,0x0000000088080000)
 Metaspace       used 37705K, capacity 40994K, committed 41088K, reserved 1085440K
  class space    used 4192K, capacity 5205K, committed 5248K, reserved 1048576K
}
Event: 16.168 GC heap before
{Heap before GC invocations=14 (full 2):
 PSYoungGen      total 257024K, used 251357K [0x00000000d5580000, 0x00000000ea680000, 0x0000000100000000)
  eden space 243712K, 100% used [0x00000000d5580000,0x00000000e4380000,0x00000000e4380000)
  from space 13312K, 57% used [0x00000000e4380000,0x00000000e4af74d8,0x00000000e5080000)
  to   space 12800K, 0% used [0x00000000e9a00000,0x00000000e9a00000,0x00000000ea680000)
 ParOldGen       total 131584K, used 48684K [0x0000000080000000, 0x0000000088080000, 0x00000000d5580000)
  object space 131584K, 36% used [0x0000000080000000,0x0000000082f8b050,0x0000000088080000)
 Metaspace       used 45324K, capacity 50312K, committed 50560K, reserved 1093632K
  class space    used 5492K, capacity 7015K, committed 7040K, reserved 1048576K
Event: 16.190 GC heap after
Heap after GC invocations=14 (full 2):
 PSYoungGen      total 327168K, used 11491K [0x00000000d5580000, 0x00000000ea580000, 0x0000000100000000)
  eden space 315392K, 0% used [0x00000000d5580000,0x00000000d5580000,0x00000000e8980000)
  from space 11776K, 97% used [0x00000000e9a00000,0x00000000ea538d38,0x00000000ea580000)
  to   space 14336K, 0% used [0x00000000e8980000,0x00000000e8980000,0x00000000e9780000)
 ParOldGen       total 131584K, used 52976K [0x0000000080000000, 0x0000000088080000, 0x00000000d5580000)
  object space 131584K, 40% used [0x0000000080000000,0x00000000833bc000,0x0000000088080000)
 Metaspace       used 45324K, capacity 50312K, committed 50560K, reserved 1093632K
  class space    used 5492K, capacity 7015K, committed 7040K, reserved 1048576K
}
Event: 16.521 GC heap before
{Heap before GC invocations=15 (full 2):
 PSYoungGen      total 327168K, used 63013K [0x00000000d5580000, 0x00000000ea580000, 0x0000000100000000)
  eden space 315392K, 16% used [0x00000000d5580000,0x00000000d87d0750,0x00000000e8980000)
  from space 11776K, 97% used [0x00000000e9a00000,0x00000000ea538d38,0x00000000ea580000)
  to   space 14336K, 0% used [0x00000000e8980000,0x00000000e8980000,0x00000000e9780000)
 ParOldGen       total 131584K, used 52976K [0x0000000080000000, 0x0000000088080000, 0x00000000d5580000)
  object space 131584K, 40% used [0x0000000080000000,0x00000000833bc000,0x0000000088080000)
 Metaspace       used 46271K, capacity 51398K, committed 51416K, reserved 1093632K
  class space    used 5591K, capacity 7168K, committed 7168K, reserved 1048576K
Event: 16.541 GC heap after
Heap after GC invocations=15 (full 2):
 PSYoungGen      total 329728K, used 1229K [0x00000000d5580000, 0x00000000f1780000, 0x0000000100000000)
  eden space 315392K, 0% used [0x00000000d5580000,0x00000000d5580000,0x00000000e8980000)
  from space 14336K, 8% used [0x00000000e8980000,0x00000000e8ab3688,0x00000000e9780000)
  to   space 14336K, 0% used [0x00000000f0980000,0x00000000f0980000,0x00000000f1780000)
 ParOldGen       total 131584K, used 61021K [0x0000000080000000, 0x0000000088080000, 0x00000000d5580000)
  object space 131584K, 46% used [0x0000000080000000,0x0000000083b976c8,0x0000000088080000)
 Metaspace       used 46271K, capacity 51398K, committed 51416K, reserved 1093632K
  class space    used 5591K, capacity 7168K, committed 7168K, reserved 1048576K
}
Event: 16.541 GC heap before
{Heap before GC invocations=16 (full 3):
 PSYoungGen      total 329728K, used 1229K [0x00000000d5580000, 0x00000000f1780000, 0x0000000100000000)
  eden space 315392K, 0% used [0x00000000d5580000,0x00000000d5580000,0x00000000e8980000)
  from space 14336K, 8% used [0x00000000e8980000,0x00000000e8ab3688,0x00000000e9780000)
  to   space 14336K, 0% used [0x00000000f0980000,0x00000000f0980000,0x00000000f1780000)
 ParOldGen       total 131584K, used 61021K [0x0000000080000000, 0x0000000088080000, 0x00000000d5580000)
  object space 131584K, 46% used [0x0000000080000000,0x0000000083b976c8,0x0000000088080000)
 Metaspace       used 46271K, capacity 51398K, committed 51416K, reserved 1093632K
  class space    used 5591K, capacity 7168K, committed 7168K, reserved 1048576K
Event: 16.876 GC heap after
Heap after GC invocations=16 (full 3):
 PSYoungGen      total 329728K, used 0K [0x00000000d5580000, 0x00000000f1780000, 0x0000000100000000)
  eden space 315392K, 0% used [0x00000000d5580000,0x00000000d5580000,0x00000000e8980000)
  from space 14336K, 0% used [0x00000000e8980000,0x00000000e8980000,0x00000000e9780000)
  to   space 14336K, 0% used [0x00000000f0980000,0x00000000f0980000,0x00000000f1780000)
 ParOldGen       total 151040K, used 59024K [0x0000000080000000, 0x0000000089380000, 0x00000000d5580000)
  object space 151040K, 39% used [0x0000000080000000,0x00000000839a4108,0x0000000089380000)
 Metaspace       used 46271K, capacity 51398K, committed 51416K, reserved 1093632K
  class space    used 5591K, capacity 7168K, committed 7168K, reserved 1048576K
}
Event: 20.177 GC heap before
{Heap before GC invocations=17 (full 3):
 PSYoungGen      total 329728K, used 315392K [0x00000000d5580000, 0x00000000f1780000, 0x0000000100000000)
  eden space 315392K, 100% used [0x00000000d5580000,0x00000000e8980000,0x00000000e8980000)
  from space 14336K, 0% used [0x00000000e8980000,0x00000000e8980000,0x00000000e9780000)
  to   space 14336K, 0% used [0x00000000f0980000,0x00000000f0980000,0x00000000f1780000)
 ParOldGen       total 151040K, used 59024K [0x0000000080000000, 0x0000000089380000, 0x00000000d5580000)
  object space 151040K, 39% used [0x0000000080000000,0x00000000839a4108,0x0000000089380000)
 Metaspace       used 54602K, capacity 60776K, committed 60888K, reserved 1101824K
  class space    used 6517K, capacity 8409K, committed 8448K, reserved 1048576K
Event: 20.206 GC heap after
Heap after GC invocations=17 (full 3):
 PSYoungGen      total 407040K, used 9631K [0x00000000d5580000, 0x00000000f1300000, 0x0000000100000000)
  eden space 397312K, 0% used [0x00000000d5580000,0x00000000d5580000,0x00000000ed980000)
  from space 9728K, 99% used [0x00000000f0980000,0x00000000f12e7dd0,0x00000000f1300000)
  to   space 14848K, 0% used [0x00000000ef600000,0x00000000ef600000,0x00000000f0480000)
 ParOldGen       total 151040K, used 59032K [0x0000000080000000, 0x0000000089380000, 0x00000000d5580000)
  object space 151040K, 39% used [0x0000000080000000,0x00000000839a6108,0x0000000089380000)
 Metaspace       used 54602K, capacity 60776K, committed 60888K, reserved 1101824K
  class space    used 6517K, capacity 8409K, committed 8448K, reserved 1048576K
}

