# JRE version: Java(TM) SE Runtime Environment (8.0_111-b14) (build 1.8.0_111-b14)
# Java VM: Java HotSpot(TM) 64-Bit Server VM (25.111-b14 mixed mode windows-amd64 compressed oops)
Heap:
 PSYoungGen      total 300032K, used 136105K [0x00000000d5580000, 0x00000000ecb00000, 0x0000000100000000)
  eden space 286720K, 42% used [0x00000000d5580000,0x00000000dcd6ca40,0x00000000e6d80000)
  from space 13312K, 99% used [0x00000000e6d80000,0x00000000e7a7dcb0,0x00000000e7a80000)
  to   space 25600K, 0% used [0x00000000eb200000,0x00000000eb200000,0x00000000ecb00000)
 ParOldGen       total 152064K, used 88768K [0x0000000080000000, 0x0000000089480000, 0x00000000d5580000)
  object space 152064K, 58% used [0x0000000080000000,0x00000000856b00b8,0x0000000089480000)
 Metaspace       used 59124K, capacity 67370K, committed 67456K, reserved 1107968K
  class space    used 7219K, capacity 9557K, committed 9600K, reserved 1048576K
GC Heap History (10 events):
Event: 24.296 GC heap before
{Heap before GC invocations=16 (full 2):
 PSYoungGen      total 220160K, used 219349K [0x00000000d5580000, 0x00000000e4e00000, 0x0000000100000000)
  eden space 210432K, 100% used [0x00000000d5580000,0x00000000e2300000,0x00000000e2300000)
  from space 9728K, 91% used [0x00000000e2300000,0x00000000e2bb5570,0x00000000e2c80000)
  to   space 10240K, 0% used [0x00000000e4400000,0x00000000e4400000,0x00000000e4e00000)
 ParOldGen       total 127488K, used 45975K [0x0000000080000000, 0x0000000087c80000, 0x00000000d5580000)
  object space 127488K, 36% used [0x0000000080000000,0x0000000082ce5c80,0x0000000087c80000)
 Metaspace       used 40423K, capacity 44212K, committed 44416K, reserved 1087488K
  class space    used 4493K, capacity 5678K, committed 5760K, reserved 1048576K
Event: 24.557 GC heap after
Heap after GC invocations=16 (full 2):
 PSYoungGen      total 242176K, used 10216K [0x00000000d5580000, 0x00000000e7600000, 0x0000000100000000)
  eden space 231936K, 0% used [0x00000000d5580000,0x00000000d5580000,0x00000000e3800000)
  from space 10240K, 99% used [0x00000000e4400000,0x00000000e4dfa3c8,0x00000000e4e00000)
  to   space 12288K, 0% used [0x00000000e3800000,0x00000000e3800000,0x00000000e4400000)
 ParOldGen       total 127488K, used 48002K [0x0000000080000000, 0x0000000087c80000, 0x00000000d5580000)
  object space 127488K, 37% used [0x0000000080000000,0x0000000082ee0978,0x0000000087c80000)
 Metaspace       used 40423K, capacity 44212K, committed 44416K, reserved 1087488K
  class space    used 4493K, capacity 5678K, committed 5760K, reserved 1048576K
}
Event: 27.121 GC heap before
{Heap before GC invocations=17 (full 2):
 PSYoungGen      total 242176K, used 153542K [0x00000000d5580000, 0x00000000e7600000, 0x0000000100000000)
  eden space 231936K, 61% used [0x00000000d5580000,0x00000000de177600,0x00000000e3800000)
  from space 10240K, 99% used [0x00000000e4400000,0x00000000e4dfa3c8,0x00000000e4e00000)
  to   space 12288K, 0% used [0x00000000e3800000,0x00000000e3800000,0x00000000e4400000)
 ParOldGen       total 127488K, used 48002K [0x0000000080000000, 0x0000000087c80000, 0x00000000d5580000)
  object space 127488K, 37% used [0x0000000080000000,0x0000000082ee0978,0x0000000087c80000)
 Metaspace       used 45182K, capacity 50024K, committed 50136K, reserved 1093632K
  class space    used 5481K, capacity 6983K, committed 7040K, reserved 1048576K
Event: 27.154 GC heap after
Heap after GC invocations=17 (full 2):
 PSYoungGen      total 244224K, used 11550K [0x00000000d5580000, 0x00000000e8d80000, 0x0000000100000000)
  eden space 231936K, 0% used [0x00000000d5580000,0x00000000d5580000,0x00000000e3800000)
  from space 12288K, 93% used [0x00000000e3800000,0x00000000e4347920,0x00000000e4400000)
  to   space 13824K, 0% used [0x00000000e8000000,0x00000000e8000000,0x00000000e8d80000)
 ParOldGen       total 127488K, used 53488K [0x0000000080000000, 0x0000000087c80000, 0x00000000d5580000)
  object space 127488K, 41% used [0x0000000080000000,0x000000008343c160,0x0000000087c80000)
 Metaspace       used 45182K, capacity 50024K, committed 50136K, reserved 1093632K
  class space    used 5481K, capacity 6983K, committed 7040K, reserved 1048576K
}
Event: 27.154 GC heap before
{Heap before GC invocations=18 (full 3):
 PSYoungGen      total 244224K, used 11550K [0x00000000d5580000, 0x00000000e8d80000, 0x0000000100000000)
  eden space 231936K, 0% used [0x00000000d5580000,0x00000000d5580000,0x00000000e3800000)
  from space 12288K, 93% used [0x00000000e3800000,0x00000000e4347920,0x00000000e4400000)
  to   space 13824K, 0% used [0x00000000e8000000,0x00000000e8000000,0x00000000e8d80000)
 ParOldGen       total 127488K, used 53488K [0x0000000080000000, 0x0000000087c80000, 0x00000000d5580000)
  object space 127488K, 41% used [0x0000000080000000,0x000000008343c160,0x0000000087c80000)
 Metaspace       used 45182K, capacity 50024K, committed 50136K, reserved 1093632K
  class space    used 5481K, capacity 6983K, committed 7040K, reserved 1048576K
Event: 27.812 GC heap after
Heap after GC invocations=18 (full 3):
 PSYoungGen      total 244224K, used 0K [0x00000000d5580000, 0x00000000e8d80000, 0x0000000100000000)
  eden space 231936K, 0% used [0x00000000d5580000,0x00000000d5580000,0x00000000e3800000)
  from space 12288K, 0% used [0x00000000e3800000,0x00000000e3800000,0x00000000e4400000)
  to   space 13824K, 0% used [0x00000000e8000000,0x00000000e8000000,0x00000000e8d80000)
 ParOldGen       total 152064K, used 59681K [0x0000000080000000, 0x0000000089480000, 0x00000000d5580000)
  object space 152064K, 39% used [0x0000000080000000,0x0000000083a48440,0x0000000089480000)
 Metaspace       used 45182K, capacity 50024K, committed 50136K, reserved 1093632K
  class space    used 5481K, capacity 6983K, committed 7040K, reserved 1048576K
}
Event: 30.643 GC heap before
{Heap before GC invocations=19 (full 3):
 PSYoungGen      total 244224K, used 231936K [0x00000000d5580000, 0x00000000e8d80000, 0x0000000100000000)
  eden space 231936K, 100% used [0x00000000d5580000,0x00000000e3800000,0x00000000e3800000)
  from space 12288K, 0% used [0x00000000e3800000,0x00000000e3800000,0x00000000e4400000)
  to   space 13824K, 0% used [0x00000000e8000000,0x00000000e8000000,0x00000000e8d80000)
 ParOldGen       total 152064K, used 59681K [0x0000000080000000, 0x0000000089480000, 0x00000000d5580000)
  object space 152064K, 39% used [0x0000000080000000,0x0000000083a48440,0x0000000089480000)
 Metaspace       used 50459K, capacity 56010K, committed 56192K, reserved 1097728K
  class space    used 6055K, capacity 7764K, committed 7808K, reserved 1048576K
Event: 30.669 GC heap after
Heap after GC invocations=19 (full 3):
 PSYoungGen      total 289792K, used 7317K [0x00000000d5580000, 0x00000000e8780000, 0x0000000100000000)
  eden space 282112K, 0% used [0x00000000d5580000,0x00000000d5580000,0x00000000e6900000)
  from space 7680K, 95% used [0x00000000e8000000,0x00000000e8725430,0x00000000e8780000)
  to   space 13312K, 0% used [0x00000000e6d80000,0x00000000e6d80000,0x00000000e7a80000)
 ParOldGen       total 152064K, used 59689K [0x0000000080000000, 0x0000000089480000, 0x00000000d5580000)
  object space 152064K, 39% used [0x0000000080000000,0x0000000083a4a440,0x0000000089480000)
 Metaspace       used 50459K, capacity 56010K, committed 56192K, reserved 1097728K
  class space    used 6055K, capacity 7764K, committed 7808K, reserved 1048576K
}
Event: 35.677 GC heap before
{Heap before GC invocations=20 (full 3):
 PSYoungGen      total 289792K, used 289429K [0x00000000d5580000, 0x00000000e8780000, 0x0000000100000000)
  eden space 282112K, 100% used [0x00000000d5580000,0x00000000e6900000,0x00000000e6900000)
  from space 7680K, 95% used [0x00000000e8000000,0x00000000e8725430,0x00000000e8780000)
  to   space 13312K, 0% used [0x00000000e6d80000,0x00000000e6d80000,0x00000000e7a80000)
 ParOldGen       total 152064K, used 59689K [0x0000000080000000, 0x0000000089480000, 0x00000000d5580000)
  object space 152064K, 39% used [0x0000000080000000,0x0000000083a4a440,0x0000000089480000)
 Metaspace       used 58461K, capacity 66244K, committed 66304K, reserved 1105920K
  class space    used 7180K, capacity 9434K, committed 9472K, reserved 1048576K
Event: 36.094 GC heap after
Heap after GC invocations=20 (full 3):
 PSYoungGen      total 300032K, used 13303K [0x00000000d5580000, 0x00000000ecb00000, 0x0000000100000000)
  eden space 286720K, 0% used [0x00000000d5580000,0x00000000d5580000,0x00000000e6d80000)
  from space 13312K, 99% used [0x00000000e6d80000,0x00000000e7a7dcb0,0x00000000e7a80000)
  to   space 25600K, 0% used [0x00000000eb200000,0x00000000eb200000,0x00000000ecb00000)
 ParOldGen       total 152064K, used 88768K [0x0000000080000000, 0x0000000089480000, 0x00000000d5580000)
  object space 152064K, 58% used [0x0000000080000000,0x00000000856b00b8,0x0000000089480000)
 Metaspace       used 58461K, capacity 66244K, committed 66304K, reserved 1105920K
  class space    used 7180K, capacity 9434K, committed 9472K, reserved 1048576K
}

