# JRE version: Java(TM) SE Runtime Environment (8.0_111-b14) (build 1.8.0_111-b14)
# Java VM: Java HotSpot(TM) 64-Bit Server VM (25.111-b14 mixed mode windows-amd64 compressed oops)
Heap:
 PSYoungGen      total 286720K, used 98938K [0x00000000d5580000, 0x00000000ea400000, 0x0000000100000000)
  eden space 269824K, 30% used [0x00000000d5580000,0x00000000da5a0cf0,0x00000000e5d00000)
  from space 16896K, 99% used [0x00000000e5d00000,0x00000000e6d7dbd0,0x00000000e6d80000)
  to   space 20992K, 0% used [0x00000000e8f80000,0x00000000e8f80000,0x00000000ea400000)
 ParOldGen       total 158720K, used 63592K [0x0000000080000000, 0x0000000089b00000, 0x00000000d5580000)
  object space 158720K, 40% used [0x0000000080000000,0x0000000083e1a000,0x0000000089b00000)
 Metaspace       used 63269K, capacity 72560K, committed 72664K, reserved 1112064K
  class space    used 7885K, capacity 10456K, committed 10496K, reserved 1048576K
GC Heap History (10 events):
Event: 46.857 GC heap before
{Heap before GC invocations=18 (full 3):
 PSYoungGen      total 230912K, used 13280K [0x00000000d5580000, 0x00000000e6a00000, 0x0000000100000000)
  eden space 217600K, 0% used [0x00000000d5580000,0x00000000d5580000,0x00000000e2a00000)
  from space 13312K, 99% used [0x00000000e2a00000,0x00000000e36f8030,0x00000000e3700000)
  to   space 15360K, 0% used [0x00000000e5b00000,0x00000000e5b00000,0x00000000e6a00000)
 ParOldGen       total 133120K, used 50335K [0x0000000080000000, 0x0000000088200000, 0x00000000d5580000)
  object space 133120K, 37% used [0x0000000080000000,0x0000000083127d20,0x0000000088200000)
 Metaspace       used 44507K, capacity 49374K, committed 49496K, reserved 1091584K
  class space    used 5284K, capacity 6764K, committed 6784K, reserved 1048576K
Event: 48.023 GC heap after
Heap after GC invocations=18 (full 3):
 PSYoungGen      total 230912K, used 0K [0x00000000d5580000, 0x00000000e6a00000, 0x0000000100000000)
  eden space 217600K, 0% used [0x00000000d5580000,0x00000000d5580000,0x00000000e2a00000)
  from space 13312K, 0% used [0x00000000e2a00000,0x00000000e2a00000,0x00000000e3700000)
  to   space 15360K, 0% used [0x00000000e5b00000,0x00000000e5b00000,0x00000000e6a00000)
 ParOldGen       total 158720K, used 58309K [0x0000000080000000, 0x0000000089b00000, 0x00000000d5580000)
  object space 158720K, 36% used [0x0000000080000000,0x00000000838f16a8,0x0000000089b00000)
 Metaspace       used 44507K, capacity 49374K, committed 49496K, reserved 1091584K
  class space    used 5284K, capacity 6764K, committed 6784K, reserved 1048576K
}
Event: 54.573 GC heap before
{Heap before GC invocations=19 (full 3):
 PSYoungGen      total 230912K, used 217600K [0x00000000d5580000, 0x00000000e6a00000, 0x0000000100000000)
  eden space 217600K, 100% used [0x00000000d5580000,0x00000000e2a00000,0x00000000e2a00000)
  from space 13312K, 0% used [0x00000000e2a00000,0x00000000e2a00000,0x00000000e3700000)
  to   space 15360K, 0% used [0x00000000e5b00000,0x00000000e5b00000,0x00000000e6a00000)
 ParOldGen       total 158720K, used 58309K [0x0000000080000000, 0x0000000089b00000, 0x00000000d5580000)
  object space 158720K, 36% used [0x0000000080000000,0x00000000838f16a8,0x0000000089b00000)
 Metaspace       used 50041K, capacity 56036K, committed 56280K, reserved 1097728K
  class space    used 6232K, capacity 8085K, committed 8192K, reserved 1048576K
Event: 54.628 GC heap after
Heap after GC invocations=19 (full 3):
 PSYoungGen      total 262656K, used 7370K [0x00000000d5580000, 0x00000000e6780000, 0x0000000100000000)
  eden space 249856K, 0% used [0x00000000d5580000,0x00000000d5580000,0x00000000e4980000)
  from space 12800K, 57% used [0x00000000e5b00000,0x00000000e62329a8,0x00000000e6780000)
  to   space 15360K, 0% used [0x00000000e4980000,0x00000000e4980000,0x00000000e5880000)
 ParOldGen       total 158720K, used 58317K [0x0000000080000000, 0x0000000089b00000, 0x00000000d5580000)
  object space 158720K, 36% used [0x0000000080000000,0x00000000838f36a8,0x0000000089b00000)
 Metaspace       used 50041K, capacity 56036K, committed 56280K, reserved 1097728K
  class space    used 6232K, capacity 8085K, committed 8192K, reserved 1048576K
}
Event: 61.571 GC heap before
{Heap before GC invocations=20 (full 3):
 PSYoungGen      total 262656K, used 257226K [0x00000000d5580000, 0x00000000e6780000, 0x0000000100000000)
  eden space 249856K, 100% used [0x00000000d5580000,0x00000000e4980000,0x00000000e4980000)
  from space 12800K, 57% used [0x00000000e5b00000,0x00000000e62329a8,0x00000000e6780000)
  to   space 15360K, 0% used [0x00000000e4980000,0x00000000e4980000,0x00000000e5880000)
 ParOldGen       total 158720K, used 58317K [0x0000000080000000, 0x0000000089b00000, 0x00000000d5580000)
  object space 158720K, 36% used [0x0000000080000000,0x00000000838f36a8,0x0000000089b00000)
 Metaspace       used 53455K, capacity 60438K, committed 60760K, reserved 1101824K
  class space    used 6696K, capacity 8755K, committed 8832K, reserved 1048576K
Event: 61.616 GC heap after
Heap after GC invocations=20 (full 3):
 PSYoungGen      total 265216K, used 10955K [0x00000000d5580000, 0x00000000e7c80000, 0x0000000100000000)
  eden space 249856K, 0% used [0x00000000d5580000,0x00000000d5580000,0x00000000e4980000)
  from space 15360K, 71% used [0x00000000e4980000,0x00000000e5432fe0,0x00000000e5880000)
  to   space 15360K, 0% used [0x00000000e6d80000,0x00000000e6d80000,0x00000000e7c80000)
 ParOldGen       total 158720K, used 58325K [0x0000000080000000, 0x0000000089b00000, 0x00000000d5580000)
  object space 158720K, 36% used [0x0000000080000000,0x00000000838f56a8,0x0000000089b00000)
 Metaspace       used 53455K, capacity 60438K, committed 60760K, reserved 1101824K
  class space    used 6696K, capacity 8755K, committed 8832K, reserved 1048576K
}
Event: 67.309 GC heap before
{Heap before GC invocations=21 (full 3):
 PSYoungGen      total 265216K, used 260811K [0x00000000d5580000, 0x00000000e7c80000, 0x0000000100000000)
  eden space 249856K, 100% used [0x00000000d5580000,0x00000000e4980000,0x00000000e4980000)
  from space 15360K, 71% used [0x00000000e4980000,0x00000000e5432fe0,0x00000000e5880000)
  to   space 15360K, 0% used [0x00000000e6d80000,0x00000000e6d80000,0x00000000e7c80000)
 ParOldGen       total 158720K, used 58325K [0x0000000080000000, 0x0000000089b00000, 0x00000000d5580000)
  object space 158720K, 36% used [0x0000000080000000,0x00000000838f56a8,0x0000000089b00000)
 Metaspace       used 55551K, capacity 63074K, committed 63448K, reserved 1103872K
  class space    used 6935K, capacity 9097K, committed 9216K, reserved 1048576K
Event: 67.386 GC heap after
Heap after GC invocations=21 (full 3):
 PSYoungGen      total 285184K, used 14570K [0x00000000d5580000, 0x00000000e7e80000, 0x0000000100000000)
  eden space 269824K, 0% used [0x00000000d5580000,0x00000000d5580000,0x00000000e5d00000)
  from space 15360K, 94% used [0x00000000e6d80000,0x00000000e7bbabb0,0x00000000e7c80000)
  to   space 16896K, 0% used [0x00000000e5d00000,0x00000000e5d00000,0x00000000e6d80000)
 ParOldGen       total 158720K, used 58333K [0x0000000080000000, 0x0000000089b00000, 0x00000000d5580000)
  object space 158720K, 36% used [0x0000000080000000,0x00000000838f76a8,0x0000000089b00000)
 Metaspace       used 55551K, capacity 63074K, committed 63448K, reserved 1103872K
  class space    used 6935K, capacity 9097K, committed 9216K, reserved 1048576K
}
Event: 78.309 GC heap before
{Heap before GC invocations=22 (full 3):
 PSYoungGen      total 285184K, used 284394K [0x00000000d5580000, 0x00000000e7e80000, 0x0000000100000000)
  eden space 269824K, 100% used [0x00000000d5580000,0x00000000e5d00000,0x00000000e5d00000)
  from space 15360K, 94% used [0x00000000e6d80000,0x00000000e7bbabb0,0x00000000e7c80000)
  to   space 16896K, 0% used [0x00000000e5d00000,0x00000000e5d00000,0x00000000e6d80000)
 ParOldGen       total 158720K, used 58333K [0x0000000080000000, 0x0000000089b00000, 0x00000000d5580000)
  object space 158720K, 36% used [0x0000000080000000,0x00000000838f76a8,0x0000000089b00000)
 Metaspace       used 62259K, capacity 71250K, committed 71512K, reserved 1110016K
  class space    used 7785K, capacity 10303K, committed 10368K, reserved 1048576K
Event: 78.929 GC heap after
Heap after GC invocations=22 (full 3):
 PSYoungGen      total 286720K, used 16886K [0x00000000d5580000, 0x00000000ea400000, 0x0000000100000000)
  eden space 269824K, 0% used [0x00000000d5580000,0x00000000d5580000,0x00000000e5d00000)
  from space 16896K, 99% used [0x00000000e5d00000,0x00000000e6d7dbd0,0x00000000e6d80000)
  to   space 20992K, 0% used [0x00000000e8f80000,0x00000000e8f80000,0x00000000ea400000)
 ParOldGen       total 158720K, used 63592K [0x0000000080000000, 0x0000000089b00000, 0x00000000d5580000)
  object space 158720K, 40% used [0x0000000080000000,0x0000000083e1a000,0x0000000089b00000)
 Metaspace       used 62259K, capacity 71250K, committed 71512K, reserved 1110016K
  class space    used 7785K, capacity 10303K, committed 10368K, reserved 1048576K
}

