# JRE version: Java(TM) SE Runtime Environment (8.0_111-b14) (build 1.8.0_111-b14)
# Java VM: Java HotSpot(TM) 64-Bit Server VM (25.111-b14 mixed mode windows-amd64 compressed oops)
Heap:
 PSYoungGen      total 285696K, used 260464K [0x00000000d5580000, 0x00000000e8580000, 0x0000000100000000)
  eden space 272384K, 90% used [0x00000000d5580000,0x00000000e46e16e0,0x00000000e5f80000)
  from space 13312K, 99% used [0x00000000e6e80000,0x00000000e7b7abe0,0x00000000e7b80000)
  to   space 15360K, 0% used [0x00000000e5f80000,0x00000000e5f80000,0x00000000e6e80000)
 ParOldGen       total 164864K, used 59789K [0x0000000080000000, 0x000000008a100000, 0x00000000d5580000)
  object space 164864K, 36% used [0x0000000080000000,0x0000000083a63458,0x000000008a100000)
 Metaspace       used 61604K, capacity 70652K, committed 71000K, reserved 1110016K
  class space    used 7706K, capacity 10252K, committed 10368K, reserved 1048576K
GC Heap History (10 events):
Event: 22.610 GC heap before
{Heap before GC invocations=17 (full 2):
 PSYoungGen      total 223232K, used 194817K [0x00000000d5580000, 0x00000000e3c80000, 0x0000000100000000)
  eden space 212992K, 86% used [0x00000000d5580000,0x00000000e09c10c8,0x00000000e2580000)
  from space 10240K, 99% used [0x00000000e3100000,0x00000000e3aff5f8,0x00000000e3b00000)
  to   space 11776K, 0% used [0x00000000e2580000,0x00000000e2580000,0x00000000e3100000)
 ParOldGen       total 137216K, used 48989K [0x0000000080000000, 0x0000000088600000, 0x00000000d5580000)
  object space 137216K, 35% used [0x0000000080000000,0x0000000082fd74d8,0x0000000088600000)
 Metaspace       used 44520K, capacity 49368K, committed 49496K, reserved 1091584K
  class space    used 5295K, capacity 6763K, committed 6784K, reserved 1048576K
Event: 22.635 GC heap after
Heap after GC invocations=17 (full 2):
 PSYoungGen      total 224768K, used 11538K [0x00000000d5580000, 0x00000000e6e80000, 0x0000000100000000)
  eden space 212992K, 0% used [0x00000000d5580000,0x00000000d5580000,0x00000000e2580000)
  from space 11776K, 97% used [0x00000000e2580000,0x00000000e30c4aa0,0x00000000e3100000)
  to   space 12800K, 0% used [0x00000000e6200000,0x00000000e6200000,0x00000000e6e80000)
 ParOldGen       total 137216K, used 53753K [0x0000000080000000, 0x0000000088600000, 0x00000000d5580000)
  object space 137216K, 39% used [0x0000000080000000,0x000000008347e640,0x0000000088600000)
 Metaspace       used 44520K, capacity 49368K, committed 49496K, reserved 1091584K
  class space    used 5295K, capacity 6763K, committed 6784K, reserved 1048576K
}
Event: 22.635 GC heap before
{Heap before GC invocations=18 (full 3):
 PSYoungGen      total 224768K, used 11538K [0x00000000d5580000, 0x00000000e6e80000, 0x0000000100000000)
  eden space 212992K, 0% used [0x00000000d5580000,0x00000000d5580000,0x00000000e2580000)
  from space 11776K, 97% used [0x00000000e2580000,0x00000000e30c4aa0,0x00000000e3100000)
  to   space 12800K, 0% used [0x00000000e6200000,0x00000000e6200000,0x00000000e6e80000)
 ParOldGen       total 137216K, used 53753K [0x0000000080000000, 0x0000000088600000, 0x00000000d5580000)
  object space 137216K, 39% used [0x0000000080000000,0x000000008347e640,0x0000000088600000)
 Metaspace       used 44520K, capacity 49368K, committed 49496K, reserved 1091584K
  class space    used 5295K, capacity 6763K, committed 6784K, reserved 1048576K
Event: 23.126 GC heap after
Heap after GC invocations=18 (full 3):
 PSYoungGen      total 224768K, used 0K [0x00000000d5580000, 0x00000000e6e80000, 0x0000000100000000)
  eden space 212992K, 0% used [0x00000000d5580000,0x00000000d5580000,0x00000000e2580000)
  from space 11776K, 0% used [0x00000000e2580000,0x00000000e2580000,0x00000000e3100000)
  to   space 12800K, 0% used [0x00000000e6200000,0x00000000e6200000,0x00000000e6e80000)
 ParOldGen       total 164864K, used 58788K [0x0000000080000000, 0x000000008a100000, 0x00000000d5580000)
  object space 164864K, 35% used [0x0000000080000000,0x0000000083969058,0x000000008a100000)
 Metaspace       used 44520K, capacity 49368K, committed 49496K, reserved 1091584K
  class space    used 5295K, capacity 6763K, committed 6784K, reserved 1048576K
}
Event: 26.569 GC heap before
{Heap before GC invocations=19 (full 3):
 PSYoungGen      total 224768K, used 212992K [0x00000000d5580000, 0x00000000e6e80000, 0x0000000100000000)
  eden space 212992K, 100% used [0x00000000d5580000,0x00000000e2580000,0x00000000e2580000)
  from space 11776K, 0% used [0x00000000e2580000,0x00000000e2580000,0x00000000e3100000)
  to   space 12800K, 0% used [0x00000000e6200000,0x00000000e6200000,0x00000000e6e80000)
 ParOldGen       total 164864K, used 58788K [0x0000000080000000, 0x000000008a100000, 0x00000000d5580000)
  object space 164864K, 35% used [0x0000000080000000,0x0000000083969058,0x000000008a100000)
 Metaspace       used 49876K, capacity 55836K, committed 55896K, reserved 1097728K
  class space    used 6199K, capacity 8043K, committed 8064K, reserved 1048576K
Event: 26.596 GC heap after
Heap after GC invocations=19 (full 3):
 PSYoungGen      total 256512K, used 7369K [0x00000000d5580000, 0x00000000e6980000, 0x0000000100000000)
  eden space 248832K, 0% used [0x00000000d5580000,0x00000000d5580000,0x00000000e4880000)
  from space 7680K, 95% used [0x00000000e6200000,0x00000000e6932648,0x00000000e6980000)
  to   space 12800K, 0% used [0x00000000e5080000,0x00000000e5080000,0x00000000e5d00000)
 ParOldGen       total 164864K, used 58796K [0x0000000080000000, 0x000000008a100000, 0x00000000d5580000)
  object space 164864K, 35% used [0x0000000080000000,0x000000008396b058,0x000000008a100000)
 Metaspace       used 49876K, capacity 55836K, committed 55896K, reserved 1097728K
  class space    used 6199K, capacity 8043K, committed 8064K, reserved 1048576K
}
Event: 30.065 GC heap before
{Heap before GC invocations=20 (full 3):
 PSYoungGen      total 256512K, used 256201K [0x00000000d5580000, 0x00000000e6980000, 0x0000000100000000)
  eden space 248832K, 100% used [0x00000000d5580000,0x00000000e4880000,0x00000000e4880000)
  from space 7680K, 95% used [0x00000000e6200000,0x00000000e6932648,0x00000000e6980000)
  to   space 12800K, 0% used [0x00000000e5080000,0x00000000e5080000,0x00000000e5d00000)
 ParOldGen       total 164864K, used 58796K [0x0000000080000000, 0x000000008a100000, 0x00000000d5580000)
  object space 164864K, 35% used [0x0000000080000000,0x000000008396b058,0x000000008a100000)
 Metaspace       used 53366K, capacity 60376K, committed 60504K, reserved 1101824K
  class space    used 6671K, capacity 8754K, committed 8832K, reserved 1048576K
Event: 30.092 GC heap after
Heap after GC invocations=20 (full 3):
 PSYoungGen      total 269824K, used 10955K [0x00000000d5580000, 0x00000000e7b80000, 0x0000000100000000)
  eden space 257024K, 0% used [0x00000000d5580000,0x00000000d5580000,0x00000000e5080000)
  from space 12800K, 85% used [0x00000000e5080000,0x00000000e5b32fe0,0x00000000e5d00000)
  to   space 13312K, 0% used [0x00000000e6e80000,0x00000000e6e80000,0x00000000e7b80000)
 ParOldGen       total 164864K, used 58804K [0x0000000080000000, 0x000000008a100000, 0x00000000d5580000)
  object space 164864K, 35% used [0x0000000080000000,0x000000008396d058,0x000000008a100000)
 Metaspace       used 53366K, capacity 60376K, committed 60504K, reserved 1101824K
  class space    used 6671K, capacity 8754K, committed 8832K, reserved 1048576K
}
Event: 33.494 GC heap before
{Heap before GC invocations=21 (full 3):
 PSYoungGen      total 269824K, used 267979K [0x00000000d5580000, 0x00000000e7b80000, 0x0000000100000000)
  eden space 257024K, 100% used [0x00000000d5580000,0x00000000e5080000,0x00000000e5080000)
  from space 12800K, 85% used [0x00000000e5080000,0x00000000e5b32fe0,0x00000000e5d00000)
  to   space 13312K, 0% used [0x00000000e6e80000,0x00000000e6e80000,0x00000000e7b80000)
 ParOldGen       total 164864K, used 58804K [0x0000000080000000, 0x000000008a100000, 0x00000000d5580000)
  object space 164864K, 35% used [0x0000000080000000,0x000000008396d058,0x000000008a100000)
 Metaspace       used 55598K, capacity 63148K, committed 63448K, reserved 1103872K
  class space    used 6919K, capacity 9096K, committed 9216K, reserved 1048576K
Event: 33.516 GC heap after
Heap after GC invocations=21 (full 3):
 PSYoungGen      total 285696K, used 13290K [0x00000000d5580000, 0x00000000e8580000, 0x0000000100000000)
  eden space 272384K, 0% used [0x00000000d5580000,0x00000000d5580000,0x00000000e5f80000)
  from space 13312K, 99% used [0x00000000e6e80000,0x00000000e7b7abe0,0x00000000e7b80000)
  to   space 15360K, 0% used [0x00000000e5f80000,0x00000000e5f80000,0x00000000e6e80000)
 ParOldGen       total 164864K, used 59789K [0x0000000080000000, 0x000000008a100000, 0x00000000d5580000)
  object space 164864K, 36% used [0x0000000080000000,0x0000000083a63458,0x000000008a100000)
 Metaspace       used 55598K, capacity 63148K, committed 63448K, reserved 1103872K
  class space    used 6919K, capacity 9096K, committed 9216K, reserved 1048576K
}

