# JRE version: Java(TM) SE Runtime Environment (8.0_111-b14) (build 1.8.0_111-b14)
# Java VM: Java HotSpot(TM) 64-Bit Server VM (25.111-b14 mixed mode windows-amd64 compressed oops)
Heap:
 PSYoungGen      total 388608K, used 76022K [0x00000000d5580000, 0x00000000f4100000, 0x0000000100000000)
  eden space 374272K, 16% used [0x00000000d5580000,0x00000000d91c0ce8,0x00000000ec300000)
  from space 14336K, 99% used [0x00000000ec300000,0x00000000ed0fcdf0,0x00000000ed100000)
  to   space 28160K, 0% used [0x00000000f2580000,0x00000000f2580000,0x00000000f4100000)
 ParOldGen       total 156672K, used 87069K [0x0000000080000000, 0x0000000089900000, 0x00000000d5580000)
  object space 156672K, 55% used [0x0000000080000000,0x00000000855077b8,0x0000000089900000)
 Metaspace       used 61597K, capacity 69768K, committed 69936K, reserved 1110016K
  class space    used 7543K, capacity 9906K, committed 10032K, reserved 1048576K
GC Heap History (10 events):
Event: 33.077 GC heap before
{Heap before GC invocations=14 (full 2):
 PSYoungGen      total 237568K, used 235476K [0x00000000d5580000, 0x00000000e8c80000, 0x0000000100000000)
  eden space 225792K, 100% used [0x00000000d5580000,0x00000000e3200000,0x00000000e3200000)
  from space 11776K, 82% used [0x00000000e3200000,0x00000000e3b75310,0x00000000e3d80000)
  to   space 12288K, 0% used [0x00000000e8080000,0x00000000e8080000,0x00000000e8c80000)
 ParOldGen       total 134656K, used 44403K [0x0000000080000000, 0x0000000088380000, 0x00000000d5580000)
  object space 134656K, 32% used [0x0000000080000000,0x0000000082b5cdc8,0x0000000088380000)
 Metaspace       used 44085K, capacity 48302K, committed 48432K, reserved 1091584K
  class space    used 5046K, capacity 6355K, committed 6448K, reserved 1048576K
Event: 33.114 GC heap after
Heap after GC invocations=14 (full 2):
 PSYoungGen      total 298496K, used 11589K [0x00000000d5580000, 0x00000000e8c00000, 0x0000000100000000)
  eden space 286720K, 0% used [0x00000000d5580000,0x00000000d5580000,0x00000000e6d80000)
  from space 11776K, 98% used [0x00000000e8080000,0x00000000e8bd14a0,0x00000000e8c00000)
  to   space 13824K, 0% used [0x00000000e7100000,0x00000000e7100000,0x00000000e7e80000)
 ParOldGen       total 134656K, used 47465K [0x0000000080000000, 0x0000000088380000, 0x00000000d5580000)
  object space 134656K, 35% used [0x0000000080000000,0x0000000082e5a6b0,0x0000000088380000)
 Metaspace       used 44085K, capacity 48302K, committed 48432K, reserved 1091584K
  class space    used 5046K, capacity 6355K, committed 6448K, reserved 1048576K
}
Event: 33.532 GC heap before
{Heap before GC invocations=15 (full 2):
 PSYoungGen      total 298496K, used 31121K [0x00000000d5580000, 0x00000000e8c00000, 0x0000000100000000)
  eden space 286720K, 6% used [0x00000000d5580000,0x00000000d6893350,0x00000000e6d80000)
  from space 11776K, 98% used [0x00000000e8080000,0x00000000e8bd14a0,0x00000000e8c00000)
  to   space 13824K, 0% used [0x00000000e7100000,0x00000000e7100000,0x00000000e7e80000)
 ParOldGen       total 134656K, used 47465K [0x0000000080000000, 0x0000000088380000, 0x00000000d5580000)
  object space 134656K, 35% used [0x0000000080000000,0x0000000082e5a6b0,0x0000000088380000)
 Metaspace       used 44559K, capacity 48998K, committed 49072K, reserved 1091584K
  class space    used 5125K, capacity 6507K, committed 6576K, reserved 1048576K
Event: 33.568 GC heap after
Heap after GC invocations=15 (full 2):
 PSYoungGen      total 304128K, used 9746K [0x00000000d5580000, 0x00000000ee280000, 0x0000000100000000)
  eden space 290304K, 0% used [0x00000000d5580000,0x00000000d5580000,0x00000000e7100000)
  from space 13824K, 70% used [0x00000000e7100000,0x00000000e7a84b20,0x00000000e7e80000)
  to   space 13824K, 0% used [0x00000000ed500000,0x00000000ed500000,0x00000000ee280000)
 ParOldGen       total 134656K, used 47465K [0x0000000080000000, 0x0000000088380000, 0x00000000d5580000)
  object space 134656K, 35% used [0x0000000080000000,0x0000000082e5a6b0,0x0000000088380000)
 Metaspace       used 44559K, capacity 48998K, committed 49072K, reserved 1091584K
  class space    used 5125K, capacity 6507K, committed 6576K, reserved 1048576K
}
Event: 33.569 GC heap before
{Heap before GC invocations=16 (full 3):
 PSYoungGen      total 304128K, used 9746K [0x00000000d5580000, 0x00000000ee280000, 0x0000000100000000)
  eden space 290304K, 0% used [0x00000000d5580000,0x00000000d5580000,0x00000000e7100000)
  from space 13824K, 70% used [0x00000000e7100000,0x00000000e7a84b20,0x00000000e7e80000)
  to   space 13824K, 0% used [0x00000000ed500000,0x00000000ed500000,0x00000000ee280000)
 ParOldGen       total 134656K, used 47465K [0x0000000080000000, 0x0000000088380000, 0x00000000d5580000)
  object space 134656K, 35% used [0x0000000080000000,0x0000000082e5a6b0,0x0000000088380000)
 Metaspace       used 44559K, capacity 48998K, committed 49072K, reserved 1091584K
  class space    used 5125K, capacity 6507K, committed 6576K, reserved 1048576K
Event: 34.699 GC heap after
Heap after GC invocations=16 (full 3):
 PSYoungGen      total 304128K, used 0K [0x00000000d5580000, 0x00000000ee280000, 0x0000000100000000)
  eden space 290304K, 0% used [0x00000000d5580000,0x00000000d5580000,0x00000000e7100000)
  from space 13824K, 0% used [0x00000000e7100000,0x00000000e7100000,0x00000000e7e80000)
  to   space 13824K, 0% used [0x00000000ed500000,0x00000000ed500000,0x00000000ee280000)
 ParOldGen       total 156672K, used 54886K [0x0000000080000000, 0x0000000089900000, 0x00000000d5580000)
  object space 156672K, 35% used [0x0000000080000000,0x0000000083599890,0x0000000089900000)
 Metaspace       used 44559K, capacity 48998K, committed 49072K, reserved 1091584K
  class space    used 5125K, capacity 6507K, committed 6576K, reserved 1048576K
}
Event: 40.083 GC heap before
{Heap before GC invocations=17 (full 3):
 PSYoungGen      total 304128K, used 290304K [0x00000000d5580000, 0x00000000ee280000, 0x0000000100000000)
  eden space 290304K, 100% used [0x00000000d5580000,0x00000000e7100000,0x00000000e7100000)
  from space 13824K, 0% used [0x00000000e7100000,0x00000000e7100000,0x00000000e7e80000)
  to   space 13824K, 0% used [0x00000000ed500000,0x00000000ed500000,0x00000000ee280000)
 ParOldGen       total 156672K, used 54886K [0x0000000080000000, 0x0000000089900000, 0x00000000d5580000)
  object space 156672K, 35% used [0x0000000080000000,0x0000000083599890,0x0000000089900000)
 Metaspace       used 51783K, capacity 57278K, committed 57392K, reserved 1099776K
  class space    used 6261K, capacity 7946K, committed 7984K, reserved 1048576K
Event: 40.166 GC heap after
Heap after GC invocations=17 (full 3):
 PSYoungGen      total 371712K, used 9929K [0x00000000d5580000, 0x00000000edf00000, 0x0000000100000000)
  eden space 361472K, 0% used [0x00000000d5580000,0x00000000d5580000,0x00000000eb680000)
  from space 10240K, 96% used [0x00000000ed500000,0x00000000edeb26f8,0x00000000edf00000)
  to   space 14336K, 0% used [0x00000000ec300000,0x00000000ec300000,0x00000000ed100000)
 ParOldGen       total 156672K, used 54894K [0x0000000080000000, 0x0000000089900000, 0x00000000d5580000)
  object space 156672K, 35% used [0x0000000080000000,0x000000008359b890,0x0000000089900000)
 Metaspace       used 51783K, capacity 57278K, committed 57392K, reserved 1099776K
  class space    used 6261K, capacity 7946K, committed 7984K, reserved 1048576K
}
Event: 48.100 GC heap before
{Heap before GC invocations=18 (full 3):
 PSYoungGen      total 371712K, used 371401K [0x00000000d5580000, 0x00000000edf00000, 0x0000000100000000)
  eden space 361472K, 100% used [0x00000000d5580000,0x00000000eb680000,0x00000000eb680000)
  from space 10240K, 96% used [0x00000000ed500000,0x00000000edeb26f8,0x00000000edf00000)
  to   space 14336K, 0% used [0x00000000ec300000,0x00000000ec300000,0x00000000ed100000)
 ParOldGen       total 156672K, used 54894K [0x0000000080000000, 0x0000000089900000, 0x00000000d5580000)
  object space 156672K, 35% used [0x0000000080000000,0x000000008359b890,0x0000000089900000)
 Metaspace       used 61277K, capacity 69274K, committed 69552K, reserved 1110016K
  class space    used 7523K, capacity 9857K, committed 9904K, reserved 1048576K
Event: 48.321 GC heap after
Heap after GC invocations=18 (full 3):
 PSYoungGen      total 388608K, used 14323K [0x00000000d5580000, 0x00000000f4100000, 0x0000000100000000)
  eden space 374272K, 0% used [0x00000000d5580000,0x00000000d5580000,0x00000000ec300000)
  from space 14336K, 99% used [0x00000000ec300000,0x00000000ed0fcdf0,0x00000000ed100000)
  to   space 28160K, 0% used [0x00000000f2580000,0x00000000f2580000,0x00000000f4100000)
 ParOldGen       total 156672K, used 87069K [0x0000000080000000, 0x0000000089900000, 0x00000000d5580000)
  object space 156672K, 55% used [0x0000000080000000,0x00000000855077b8,0x0000000089900000)
 Metaspace       used 61277K, capacity 69274K, committed 69552K, reserved 1110016K
  class space    used 7523K, capacity 9857K, committed 9904K, reserved 1048576K
}

