# JRE version: Java(TM) SE Runtime Environment (8.0_111-b14) (build 1.8.0_111-b14)
# Java VM: Java HotSpot(TM) 64-Bit Server VM (25.111-b14 mixed mode windows-amd64 compressed oops)
Heap:
 PSYoungGen      total 459776K, used 358510K [0x00000000d5580000, 0x00000000f2d00000, 0x0000000100000000)
  eden space 444416K, 77% used [0x00000000d5580000,0x00000000ea49f868,0x00000000f0780000)
  from space 15360K, 99% used [0x00000000f1e00000,0x00000000f2cfc050,0x00000000f2d00000)
  to   space 17408K, 0% used [0x00000000f0b00000,0x00000000f0b00000,0x00000000f1c00000)
 ParOldGen       total 165888K, used 55493K [0x0000000080000000, 0x000000008a200000, 0x00000000d5580000)
  object space 165888K, 33% used [0x0000000080000000,0x0000000083631500,0x000000008a200000)
 Metaspace       used 61566K, capacity 70625K, committed 70784K, reserved 1110016K
  class space    used 7704K, capacity 10253K, committed 10368K, reserved 1048576K
GC Heap History (10 events):
Event: 15.585 GC heap before
{Heap before GC invocations=11 (full 2):
 PSYoungGen      total 302080K, used 301922K [0x00000000d5580000, 0x00000000e9e80000, 0x0000000100000000)
  eden space 296448K, 100% used [0x00000000d5580000,0x00000000e7700000,0x00000000e7700000)
  from space 5632K, 97% used [0x00000000e9900000,0x00000000e9e58858,0x00000000e9e80000)
  to   space 10752K, 0% used [0x00000000e8980000,0x00000000e8980000,0x00000000e9400000)
 ParOldGen       total 146944K, used 49491K [0x0000000080000000, 0x0000000088f80000, 0x00000000d5580000)
  object space 146944K, 33% used [0x0000000080000000,0x0000000083054fa0,0x0000000088f80000)
 Metaspace       used 37570K, capacity 40812K, committed 41088K, reserved 1085440K
  class space    used 4207K, capacity 5204K, committed 5248K, reserved 1048576K
Event: 15.606 GC heap after
Heap after GC invocations=11 (full 2):
 PSYoungGen      total 326144K, used 10749K [0x00000000d5580000, 0x00000000edf00000, 0x0000000100000000)
  eden space 315392K, 0% used [0x00000000d5580000,0x00000000d5580000,0x00000000e8980000)
  from space 10752K, 99% used [0x00000000e8980000,0x00000000e93ff4b0,0x00000000e9400000)
  to   space 12800K, 0% used [0x00000000ed280000,0x00000000ed280000,0x00000000edf00000)
 ParOldGen       total 146944K, used 51472K [0x0000000080000000, 0x0000000088f80000, 0x00000000d5580000)
  object space 146944K, 35% used [0x0000000080000000,0x00000000832440d8,0x0000000088f80000)
 Metaspace       used 37570K, capacity 40812K, committed 41088K, reserved 1085440K
  class space    used 4207K, capacity 5204K, committed 5248K, reserved 1048576K
}
Event: 17.169 GC heap before
{Heap before GC invocations=12 (full 2):
 PSYoungGen      total 326144K, used 123472K [0x00000000d5580000, 0x00000000edf00000, 0x0000000100000000)
  eden space 315392K, 35% used [0x00000000d5580000,0x00000000dc394c38,0x00000000e8980000)
  from space 10752K, 99% used [0x00000000e8980000,0x00000000e93ff4b0,0x00000000e9400000)
  to   space 12800K, 0% used [0x00000000ed280000,0x00000000ed280000,0x00000000edf00000)
 ParOldGen       total 146944K, used 51472K [0x0000000080000000, 0x0000000088f80000, 0x00000000d5580000)
  object space 146944K, 35% used [0x0000000080000000,0x00000000832440d8,0x0000000088f80000)
 Metaspace       used 41023K, capacity 45153K, committed 45228K, reserved 1089536K
  class space    used 4670K, capacity 5941K, committed 6016K, reserved 1048576K
Event: 17.192 GC heap after
Heap after GC invocations=12 (full 2):
 PSYoungGen      total 389120K, used 12591K [0x00000000d5580000, 0x00000000ef400000, 0x0000000100000000)
  eden space 376320K, 0% used [0x00000000d5580000,0x00000000d5580000,0x00000000ec500000)
  from space 12800K, 98% used [0x00000000ed280000,0x00000000edecbed8,0x00000000edf00000)
  to   space 13824K, 0% used [0x00000000ec500000,0x00000000ec500000,0x00000000ed280000)
 ParOldGen       total 146944K, used 51480K [0x0000000080000000, 0x0000000088f80000, 0x00000000d5580000)
  object space 146944K, 35% used [0x0000000080000000,0x00000000832460d8,0x0000000088f80000)
 Metaspace       used 41023K, capacity 45153K, committed 45228K, reserved 1089536K
  class space    used 4670K, capacity 5941K, committed 6016K, reserved 1048576K
}
Event: 17.192 GC heap before
{Heap before GC invocations=13 (full 3):
 PSYoungGen      total 389120K, used 12591K [0x00000000d5580000, 0x00000000ef400000, 0x0000000100000000)
  eden space 376320K, 0% used [0x00000000d5580000,0x00000000d5580000,0x00000000ec500000)
  from space 12800K, 98% used [0x00000000ed280000,0x00000000edecbed8,0x00000000edf00000)
  to   space 13824K, 0% used [0x00000000ec500000,0x00000000ec500000,0x00000000ed280000)
 ParOldGen       total 146944K, used 51480K [0x0000000080000000, 0x0000000088f80000, 0x00000000d5580000)
  object space 146944K, 35% used [0x0000000080000000,0x00000000832460d8,0x0000000088f80000)
 Metaspace       used 41023K, capacity 45153K, committed 45228K, reserved 1089536K
  class space    used 4670K, capacity 5941K, committed 6016K, reserved 1048576K
Event: 17.540 GC heap after
Heap after GC invocations=13 (full 3):
 PSYoungGen      total 389120K, used 0K [0x00000000d5580000, 0x00000000ef400000, 0x0000000100000000)
  eden space 376320K, 0% used [0x00000000d5580000,0x00000000d5580000,0x00000000ec500000)
  from space 12800K, 0% used [0x00000000ed280000,0x00000000ed280000,0x00000000edf00000)
  to   space 13824K, 0% used [0x00000000ec500000,0x00000000ec500000,0x00000000ed280000)
 ParOldGen       total 165888K, used 54183K [0x0000000080000000, 0x000000008a200000, 0x00000000d5580000)
  object space 165888K, 32% used [0x0000000080000000,0x00000000834e9c40,0x000000008a200000)
 Metaspace       used 41023K, capacity 45153K, committed 45228K, reserved 1089536K
  class space    used 4670K, capacity 5941K, committed 6016K, reserved 1048576K
}
Event: 22.640 GC heap before
{Heap before GC invocations=14 (full 3):
 PSYoungGen      total 389120K, used 376320K [0x00000000d5580000, 0x00000000ef400000, 0x0000000100000000)
  eden space 376320K, 100% used [0x00000000d5580000,0x00000000ec500000,0x00000000ec500000)
  from space 12800K, 0% used [0x00000000ed280000,0x00000000ed280000,0x00000000edf00000)
  to   space 13824K, 0% used [0x00000000ec500000,0x00000000ec500000,0x00000000ed280000)
 ParOldGen       total 165888K, used 54183K [0x0000000080000000, 0x000000008a200000, 0x00000000d5580000)
  object space 165888K, 32% used [0x0000000080000000,0x00000000834e9c40,0x000000008a200000)
 Metaspace       used 50392K, capacity 56727K, committed 56960K, reserved 1097728K
  class space    used 6299K, capacity 8200K, committed 8320K, reserved 1048576K
Event: 22.667 GC heap after
Heap after GC invocations=14 (full 3):
 PSYoungGen      total 390144K, used 13046K [0x00000000d5580000, 0x00000000f2d00000, 0x0000000100000000)
  eden space 376320K, 0% used [0x00000000d5580000,0x00000000d5580000,0x00000000ec500000)
  from space 13824K, 94% used [0x00000000ec500000,0x00000000ed1bdb80,0x00000000ed280000)
  to   space 15360K, 0% used [0x00000000f1e00000,0x00000000f1e00000,0x00000000f2d00000)
 ParOldGen       total 165888K, used 54191K [0x0000000080000000, 0x000000008a200000, 0x00000000d5580000)
  object space 165888K, 32% used [0x0000000080000000,0x00000000834ebc40,0x000000008a200000)
 Metaspace       used 50392K, capacity 56727K, committed 56960K, reserved 1097728K
  class space    used 6299K, capacity 8200K, committed 8320K, reserved 1048576K
}
Event: 27.709 GC heap before
{Heap before GC invocations=15 (full 3):
 PSYoungGen      total 390144K, used 389366K [0x00000000d5580000, 0x00000000f2d00000, 0x0000000100000000)
  eden space 376320K, 100% used [0x00000000d5580000,0x00000000ec500000,0x00000000ec500000)
  from space 13824K, 94% used [0x00000000ec500000,0x00000000ed1bdb80,0x00000000ed280000)
  to   space 15360K, 0% used [0x00000000f1e00000,0x00000000f1e00000,0x00000000f2d00000)
 ParOldGen       total 165888K, used 54191K [0x0000000080000000, 0x000000008a200000, 0x00000000d5580000)
  object space 165888K, 32% used [0x0000000080000000,0x00000000834ebc40,0x000000008a200000)
 Metaspace       used 53896K, capacity 61197K, committed 61440K, reserved 1101824K
  class space    used 6719K, capacity 8841K, committed 8960K, reserved 1048576K
Event: 27.743 GC heap after
Heap after GC invocations=15 (full 3):
 PSYoungGen      total 459776K, used 15344K [0x00000000d5580000, 0x00000000f2d00000, 0x0000000100000000)
  eden space 444416K, 0% used [0x00000000d5580000,0x00000000d5580000,0x00000000f0780000)
  from space 15360K, 99% used [0x00000000f1e00000,0x00000000f2cfc050,0x00000000f2d00000)
  to   space 17408K, 0% used [0x00000000f0b00000,0x00000000f0b00000,0x00000000f1c00000)
 ParOldGen       total 165888K, used 55493K [0x0000000080000000, 0x000000008a200000, 0x00000000d5580000)
  object space 165888K, 33% used [0x0000000080000000,0x0000000083631500,0x000000008a200000)
 Metaspace       used 53896K, capacity 61197K, committed 61440K, reserved 1101824K
  class space    used 6719K, capacity 8841K, committed 8960K, reserved 1048576K
}

