# JRE version: Java(TM) SE Runtime Environment (8.0_111-b14) (build 1.8.0_111-b14)
# Java VM: Java HotSpot(TM) 64-Bit Server VM (25.111-b14 mixed mode windows-amd64 compressed oops)
Heap:
 PSYoungGen      total 321024K, used 92104K [0x00000000d5580000, 0x00000000ede80000, 0x0000000100000000)
  eden space 294400K, 31% used [0x00000000d5580000,0x00000000daf720b8,0x00000000e7500000)
  from space 26624K, 0% used [0x00000000e9f80000,0x00000000e9f80000,0x00000000eb980000)
  to   space 43520K, 0% used [0x00000000e7500000,0x00000000e7500000,0x00000000e9f80000)
 ParOldGen       total 265216K, used 137098K [0x0000000080000000, 0x0000000090300000, 0x00000000d5580000)
  object space 265216K, 51% used [0x0000000080000000,0x00000000885e2b18,0x0000000090300000)
 Metaspace       used 59019K, capacity 67288K, committed 67500K, reserved 1107968K
  class space    used 7225K, capacity 9548K, committed 9644K, reserved 1048576K
GC Heap History (10 events):
Event: 30.739 GC heap before
{Heap before GC invocations=18 (full 3):
 PSYoungGen      total 232960K, used 14308K [0x00000000d5580000, 0x00000000e7a00000, 0x0000000100000000)
  eden space 218624K, 0% used [0x00000000d5580000,0x00000000d5580000,0x00000000e2b00000)
  from space 14336K, 99% used [0x00000000e2b00000,0x00000000e38f90c8,0x00000000e3900000)
  to   space 16896K, 0% used [0x00000000e6980000,0x00000000e6980000,0x00000000e7a00000)
 ParOldGen       total 130048K, used 48832K [0x0000000080000000, 0x0000000087f00000, 0x00000000d5580000)
  object space 130048K, 37% used [0x0000000080000000,0x0000000082fb0000,0x0000000087f00000)
 Metaspace       used 44263K, capacity 49062K, committed 49068K, reserved 1091584K
  class space    used 5102K, capacity 6572K, committed 6572K, reserved 1048576K
Event: 31.418 GC heap after
Heap after GC invocations=18 (full 3):
 PSYoungGen      total 232960K, used 0K [0x00000000d5580000, 0x00000000e7a00000, 0x0000000100000000)
  eden space 218624K, 0% used [0x00000000d5580000,0x00000000d5580000,0x00000000e2b00000)
  from space 14336K, 0% used [0x00000000e2b00000,0x00000000e2b00000,0x00000000e3900000)
  to   space 16896K, 0% used [0x00000000e6980000,0x00000000e6980000,0x00000000e7a00000)
 ParOldGen       total 155136K, used 58817K [0x0000000080000000, 0x0000000089780000, 0x00000000d5580000)
  object space 155136K, 37% used [0x0000000080000000,0x00000000839705d8,0x0000000089780000)
 Metaspace       used 44263K, capacity 49062K, committed 49068K, reserved 1091584K
  class space    used 5102K, capacity 6572K, committed 6572K, reserved 1048576K
}
Event: 35.294 GC heap before
{Heap before GC invocations=19 (full 3):
 PSYoungGen      total 232960K, used 218624K [0x00000000d5580000, 0x00000000e7a00000, 0x0000000100000000)
  eden space 218624K, 100% used [0x00000000d5580000,0x00000000e2b00000,0x00000000e2b00000)
  from space 14336K, 0% used [0x00000000e2b00000,0x00000000e2b00000,0x00000000e3900000)
  to   space 16896K, 0% used [0x00000000e6980000,0x00000000e6980000,0x00000000e7a00000)
 ParOldGen       total 155136K, used 58817K [0x0000000080000000, 0x0000000089780000, 0x00000000d5580000)
  object space 155136K, 37% used [0x0000000080000000,0x00000000839705d8,0x0000000089780000)
 Metaspace       used 49269K, capacity 54774K, committed 55084K, reserved 1097728K
  class space    used 5940K, capacity 7624K, committed 7724K, reserved 1048576K
Event: 35.400 GC heap after
Heap after GC invocations=19 (full 3):
 PSYoungGen      total 277504K, used 6999K [0x00000000d5580000, 0x00000000e7680000, 0x0000000100000000)
  eden space 264192K, 0% used [0x00000000d5580000,0x00000000d5580000,0x00000000e5780000)
  from space 13312K, 52% used [0x00000000e6980000,0x00000000e7055d48,0x00000000e7680000)
  to   space 15872K, 0% used [0x00000000e5780000,0x00000000e5780000,0x00000000e6700000)
 ParOldGen       total 155136K, used 58825K [0x0000000080000000, 0x0000000089780000, 0x00000000d5580000)
  object space 155136K, 37% used [0x0000000080000000,0x00000000839725d8,0x0000000089780000)
 Metaspace       used 49269K, capacity 54774K, committed 55084K, reserved 1097728K
  class space    used 5940K, capacity 7624K, committed 7724K, reserved 1048576K
}
Event: 42.090 GC heap before
{Heap before GC invocations=20 (full 3):
 PSYoungGen      total 277504K, used 271191K [0x00000000d5580000, 0x00000000e7680000, 0x0000000100000000)
  eden space 264192K, 100% used [0x00000000d5580000,0x00000000e5780000,0x00000000e5780000)
  from space 13312K, 52% used [0x00000000e6980000,0x00000000e7055d48,0x00000000e7680000)
  to   space 15872K, 0% used [0x00000000e5780000,0x00000000e5780000,0x00000000e6700000)
 ParOldGen       total 155136K, used 58825K [0x0000000080000000, 0x0000000089780000, 0x00000000d5580000)
  object space 155136K, 37% used [0x0000000080000000,0x00000000839725d8,0x0000000089780000)
 Metaspace       used 56988K, capacity 64484K, committed 64556K, reserved 1103872K
  class space    used 7005K, capacity 9225K, committed 9260K, reserved 1048576K
Event: 42.665 GC heap after
Heap after GC invocations=20 (full 3):
 PSYoungGen      total 280064K, used 15868K [0x00000000d5580000, 0x00000000eb980000, 0x0000000100000000)
  eden space 264192K, 0% used [0x00000000d5580000,0x00000000d5580000,0x00000000e5780000)
  from space 15872K, 99% used [0x00000000e5780000,0x00000000e66ff1a0,0x00000000e6700000)
  to   space 26624K, 0% used [0x00000000e9f80000,0x00000000e9f80000,0x00000000eb980000)
 ParOldGen       total 155136K, used 81259K [0x0000000080000000, 0x0000000089780000, 0x00000000d5580000)
  object space 155136K, 52% used [0x0000000080000000,0x0000000084f5acf8,0x0000000089780000)
 Metaspace       used 56988K, capacity 64484K, committed 64556K, reserved 1103872K
  class space    used 7005K, capacity 9225K, committed 9260K, reserved 1048576K
}
Event: 47.465 GC heap before
{Heap before GC invocations=21 (full 3):
 PSYoungGen      total 280064K, used 280060K [0x00000000d5580000, 0x00000000eb980000, 0x0000000100000000)
  eden space 264192K, 100% used [0x00000000d5580000,0x00000000e5780000,0x00000000e5780000)
  from space 15872K, 99% used [0x00000000e5780000,0x00000000e66ff1a0,0x00000000e6700000)
  to   space 26624K, 0% used [0x00000000e9f80000,0x00000000e9f80000,0x00000000eb980000)
 ParOldGen       total 155136K, used 81259K [0x0000000080000000, 0x0000000089780000, 0x00000000d5580000)
  object space 155136K, 52% used [0x0000000080000000,0x0000000084f5acf8,0x0000000089780000)
 Metaspace       used 58900K, capacity 67048K, committed 67244K, reserved 1107968K
  class space    used 7219K, capacity 9539K, committed 9644K, reserved 1048576K
Event: 47.786 GC heap after
Heap after GC invocations=21 (full 3):
 PSYoungGen      total 321024K, used 26597K [0x00000000d5580000, 0x00000000ede80000, 0x0000000100000000)
  eden space 294400K, 0% used [0x00000000d5580000,0x00000000d5580000,0x00000000e7500000)
  from space 26624K, 99% used [0x00000000e9f80000,0x00000000eb979450,0x00000000eb980000)
  to   space 43520K, 0% used [0x00000000e7500000,0x00000000e7500000,0x00000000e9f80000)
 ParOldGen       total 155136K, used 116797K [0x0000000080000000, 0x0000000089780000, 0x00000000d5580000)
  object space 155136K, 75% used [0x0000000080000000,0x000000008720f748,0x0000000089780000)
 Metaspace       used 58900K, capacity 67048K, committed 67244K, reserved 1107968K
  class space    used 7219K, capacity 9539K, committed 9644K, reserved 1048576K
}
Event: 47.792 GC heap before
{Heap before GC invocations=22 (full 4):
 PSYoungGen      total 321024K, used 26597K [0x00000000d5580000, 0x00000000ede80000, 0x0000000100000000)
  eden space 294400K, 0% used [0x00000000d5580000,0x00000000d5580000,0x00000000e7500000)
  from space 26624K, 99% used [0x00000000e9f80000,0x00000000eb979450,0x00000000eb980000)
  to   space 43520K, 0% used [0x00000000e7500000,0x00000000e7500000,0x00000000e9f80000)
 ParOldGen       total 155136K, used 116797K [0x0000000080000000, 0x0000000089780000, 0x00000000d5580000)
  object space 155136K, 75% used [0x0000000080000000,0x000000008720f748,0x0000000089780000)
 Metaspace       used 58900K, capacity 67048K, committed 67244K, reserved 1107968K
  class space    used 7219K, capacity 9539K, committed 9644K, reserved 1048576K
Event: 49.853 GC heap after
Heap after GC invocations=22 (full 4):
 PSYoungGen      total 321024K, used 0K [0x00000000d5580000, 0x00000000ede80000, 0x0000000100000000)
  eden space 294400K, 0% used [0x00000000d5580000,0x00000000d5580000,0x00000000e7500000)
  from space 26624K, 0% used [0x00000000e9f80000,0x00000000e9f80000,0x00000000eb980000)
  to   space 43520K, 0% used [0x00000000e7500000,0x00000000e7500000,0x00000000e9f80000)
 ParOldGen       total 265216K, used 137098K [0x0000000080000000, 0x0000000090300000, 0x00000000d5580000)
  object space 265216K, 51% used [0x0000000080000000,0x00000000885e2b18,0x0000000090300000)
 Metaspace       used 58593K, capacity 66548K, committed 67244K, reserved 1107968K
  class space    used 7200K, capacity 9468K, committed 9644K, reserved 1048576K
}

