# JRE version: Java(TM) SE Runtime Environment (8.0_111-b14) (build 1.8.0_111-b14)
# Java VM: Java HotSpot(TM) 64-Bit Server VM (25.111-b14 mixed mode windows-amd64 compressed oops)
Heap:
 PSYoungGen      total 351744K, used 304218K [0x00000000d5580000, 0x00000000ec180000, 0x0000000100000000)
  eden space 337408K, 85% used [0x00000000d5580000,0x00000000e7099f38,0x00000000e9f00000)
  from space 14336K, 99% used [0x00000000eaf00000,0x00000000ebcfc960,0x00000000ebd00000)
  to   space 16384K, 0% used [0x00000000e9f00000,0x00000000e9f00000,0x00000000eaf00000)
 ParOldGen       total 166912K, used 59522K [0x0000000080000000, 0x000000008a300000, 0x00000000d5580000)
  object space 166912K, 35% used [0x0000000080000000,0x0000000083a20870,0x000000008a300000)
 Metaspace       used 63076K, capacity 72234K, committed 72536K, reserved 1112064K
  class space    used 7882K, capacity 10463K, committed 10584K, reserved 1048576K
GC Heap History (10 events):
Event: 29.253 GC heap before
{Heap before GC invocations=15 (full 2):
 PSYoungGen      total 245760K, used 114570K [0x00000000d5580000, 0x00000000e5880000, 0x0000000100000000)
  eden space 235520K, 44% used [0x00000000d5580000,0x00000000dbb6abc0,0x00000000e3b80000)
  from space 10240K, 99% used [0x00000000e4780000,0x00000000e5178020,0x00000000e5180000)
  to   space 12288K, 0% used [0x00000000e3b80000,0x00000000e3b80000,0x00000000e4780000)
 ParOldGen       total 139264K, used 49189K [0x0000000080000000, 0x0000000088800000, 0x00000000d5580000)
  object space 139264K, 35% used [0x0000000080000000,0x00000000830097e8,0x0000000088800000)
 Metaspace       used 45131K, capacity 50030K, committed 50136K, reserved 1091584K
  class space    used 5545K, capacity 7052K, committed 7128K, reserved 1048576K
Event: 29.276 GC heap after
Heap after GC invocations=15 (full 2):
 PSYoungGen      total 247808K, used 12256K [0x00000000d5580000, 0x00000000e9000000, 0x0000000100000000)
  eden space 235520K, 0% used [0x00000000d5580000,0x00000000d5580000,0x00000000e3b80000)
  from space 12288K, 99% used [0x00000000e3b80000,0x00000000e4778020,0x00000000e4780000)
  to   space 14336K, 0% used [0x00000000e8200000,0x00000000e8200000,0x00000000e9000000)
 ParOldGen       total 139264K, used 51346K [0x0000000080000000, 0x0000000088800000, 0x00000000d5580000)
  object space 139264K, 36% used [0x0000000080000000,0x00000000832248d0,0x0000000088800000)
 Metaspace       used 45131K, capacity 50030K, committed 50136K, reserved 1091584K
  class space    used 5545K, capacity 7052K, committed 7128K, reserved 1048576K
}
Event: 29.276 GC heap before
{Heap before GC invocations=16 (full 3):
 PSYoungGen      total 247808K, used 12256K [0x00000000d5580000, 0x00000000e9000000, 0x0000000100000000)
  eden space 235520K, 0% used [0x00000000d5580000,0x00000000d5580000,0x00000000e3b80000)
  from space 12288K, 99% used [0x00000000e3b80000,0x00000000e4778020,0x00000000e4780000)
  to   space 14336K, 0% used [0x00000000e8200000,0x00000000e8200000,0x00000000e9000000)
 ParOldGen       total 139264K, used 51346K [0x0000000080000000, 0x0000000088800000, 0x00000000d5580000)
  object space 139264K, 36% used [0x0000000080000000,0x00000000832248d0,0x0000000088800000)
 Metaspace       used 45131K, capacity 50030K, committed 50136K, reserved 1091584K
  class space    used 5545K, capacity 7052K, committed 7128K, reserved 1048576K
Event: 29.673 GC heap after
Heap after GC invocations=16 (full 3):
 PSYoungGen      total 247808K, used 0K [0x00000000d5580000, 0x00000000e9000000, 0x0000000100000000)
  eden space 235520K, 0% used [0x00000000d5580000,0x00000000d5580000,0x00000000e3b80000)
  from space 12288K, 0% used [0x00000000e3b80000,0x00000000e3b80000,0x00000000e4780000)
  to   space 14336K, 0% used [0x00000000e8200000,0x00000000e8200000,0x00000000e9000000)
 ParOldGen       total 166912K, used 58434K [0x0000000080000000, 0x000000008a300000, 0x00000000d5580000)
  object space 166912K, 35% used [0x0000000080000000,0x0000000083910bd8,0x000000008a300000)
 Metaspace       used 45131K, capacity 50030K, committed 50136K, reserved 1091584K
  class space    used 5545K, capacity 7052K, committed 7128K, reserved 1048576K
}
Event: 32.212 GC heap before
{Heap before GC invocations=17 (full 3):
 PSYoungGen      total 247808K, used 235520K [0x00000000d5580000, 0x00000000e9000000, 0x0000000100000000)
  eden space 235520K, 100% used [0x00000000d5580000,0x00000000e3b80000,0x00000000e3b80000)
  from space 12288K, 0% used [0x00000000e3b80000,0x00000000e3b80000,0x00000000e4780000)
  to   space 14336K, 0% used [0x00000000e8200000,0x00000000e8200000,0x00000000e9000000)
 ParOldGen       total 166912K, used 58434K [0x0000000080000000, 0x000000008a300000, 0x00000000d5580000)
  object space 166912K, 35% used [0x0000000080000000,0x0000000083910bd8,0x000000008a300000)
 Metaspace       used 50331K, capacity 56538K, committed 56664K, reserved 1097728K
  class space    used 6300K, capacity 8187K, committed 8280K, reserved 1048576K
Event: 32.234 GC heap after
Heap after GC invocations=17 (full 3):
 PSYoungGen      total 292352K, used 7021K [0x00000000d5580000, 0x00000000e8900000, 0x0000000100000000)
  eden space 285184K, 0% used [0x00000000d5580000,0x00000000d5580000,0x00000000e6c00000)
  from space 7168K, 97% used [0x00000000e8200000,0x00000000e88db6b0,0x00000000e8900000)
  to   space 14336K, 0% used [0x00000000e6d00000,0x00000000e6d00000,0x00000000e7b00000)
 ParOldGen       total 166912K, used 58442K [0x0000000080000000, 0x000000008a300000, 0x00000000d5580000)
  object space 166912K, 35% used [0x0000000080000000,0x0000000083912bd8,0x000000008a300000)
 Metaspace       used 50331K, capacity 56538K, committed 56664K, reserved 1097728K
  class space    used 6300K, capacity 8187K, committed 8280K, reserved 1048576K
}
Event: 36.552 GC heap before
{Heap before GC invocations=18 (full 3):
 PSYoungGen      total 292352K, used 292205K [0x00000000d5580000, 0x00000000e8900000, 0x0000000100000000)
  eden space 285184K, 100% used [0x00000000d5580000,0x00000000e6c00000,0x00000000e6c00000)
  from space 7168K, 97% used [0x00000000e8200000,0x00000000e88db6b0,0x00000000e8900000)
  to   space 14336K, 0% used [0x00000000e6d00000,0x00000000e6d00000,0x00000000e7b00000)
 ParOldGen       total 166912K, used 58442K [0x0000000080000000, 0x000000008a300000, 0x00000000d5580000)
  object space 166912K, 35% used [0x0000000080000000,0x0000000083912bd8,0x000000008a300000)
 Metaspace       used 53864K, capacity 60898K, committed 61144K, reserved 1101824K
  class space    used 6747K, capacity 8833K, committed 8920K, reserved 1048576K
Event: 36.580 GC heap after
Heap after GC invocations=18 (full 3):
 PSYoungGen      total 300544K, used 10881K [0x00000000d5580000, 0x00000000ebd00000, 0x0000000100000000)
  eden space 286208K, 0% used [0x00000000d5580000,0x00000000d5580000,0x00000000e6d00000)
  from space 14336K, 75% used [0x00000000e6d00000,0x00000000e77a0678,0x00000000e7b00000)
  to   space 14336K, 0% used [0x00000000eaf00000,0x00000000eaf00000,0x00000000ebd00000)
 ParOldGen       total 166912K, used 58450K [0x0000000080000000, 0x000000008a300000, 0x00000000d5580000)
  object space 166912K, 35% used [0x0000000080000000,0x0000000083914bd8,0x000000008a300000)
 Metaspace       used 53864K, capacity 60898K, committed 61144K, reserved 1101824K
  class space    used 6747K, capacity 8833K, committed 8920K, reserved 1048576K
}
Event: 38.830 GC heap before
{Heap before GC invocations=19 (full 3):
 PSYoungGen      total 300544K, used 297089K [0x00000000d5580000, 0x00000000ebd00000, 0x0000000100000000)
  eden space 286208K, 100% used [0x00000000d5580000,0x00000000e6d00000,0x00000000e6d00000)
  from space 14336K, 75% used [0x00000000e6d00000,0x00000000e77a0678,0x00000000e7b00000)
  to   space 14336K, 0% used [0x00000000eaf00000,0x00000000eaf00000,0x00000000ebd00000)
 ParOldGen       total 166912K, used 58450K [0x0000000080000000, 0x000000008a300000, 0x00000000d5580000)
  object space 166912K, 35% used [0x0000000080000000,0x0000000083914bd8,0x000000008a300000)
 Metaspace       used 57507K, capacity 65076K, committed 65368K, reserved 1105920K
  class space    used 7064K, capacity 9228K, committed 9304K, reserved 1048576K
Event: 38.857 GC heap after
Heap after GC invocations=19 (full 3):
 PSYoungGen      total 351744K, used 14322K [0x00000000d5580000, 0x00000000ec180000, 0x0000000100000000)
  eden space 337408K, 0% used [0x00000000d5580000,0x00000000d5580000,0x00000000e9f00000)
  from space 14336K, 99% used [0x00000000eaf00000,0x00000000ebcfc960,0x00000000ebd00000)
  to   space 16384K, 0% used [0x00000000e9f00000,0x00000000e9f00000,0x00000000eaf00000)
 ParOldGen       total 166912K, used 59522K [0x0000000080000000, 0x000000008a300000, 0x00000000d5580000)
  object space 166912K, 35% used [0x0000000080000000,0x0000000083a20870,0x000000008a300000)
 Metaspace       used 57507K, capacity 65076K, committed 65368K, reserved 1105920K
  class space    used 7064K, capacity 9228K, committed 9304K, reserved 1048576K
}

