# JRE version: Java(TM) SE Runtime Environment (8.0_111-b14) (build 1.8.0_111-b14)
# Java VM: Java HotSpot(TM) 64-Bit Server VM (25.111-b14 mixed mode windows-amd64 compressed oops)
Heap:
 PSYoungGen      total 355328K, used 332934K [0x00000000d5580000, 0x00000000ed400000, 0x0000000100000000)
  eden space 346624K, 93% used [0x00000000d5580000,0x00000000e92612f0,0x00000000ea800000)
  from space 8704K, 97% used [0x00000000ecb80000,0x00000000ed3c0698,0x00000000ed400000)
  to   space 16896K, 0% used [0x00000000eb300000,0x00000000eb300000,0x00000000ec380000)
 ParOldGen       total 160256K, used 58864K [0x0000000080000000, 0x0000000089c80000, 0x00000000d5580000)
  object space 160256K, 36% used [0x0000000080000000,0x000000008397c370,0x0000000089c80000)
 Metaspace       used 59106K, capacity 67316K, committed 67456K, reserved 1107968K
  class space    used 7212K, capacity 9554K, committed 9600K, reserved 1048576K
GC Heap History (10 events):
Event: 12.630 GC heap before
{Heap before GC invocations=13 (full 2):
 PSYoungGen      total 243712K, used 235312K [0x00000000d5580000, 0x00000000e5380000, 0x0000000100000000)
  eden space 230400K, 100% used [0x00000000d5580000,0x00000000e3680000,0x00000000e3680000)
  from space 13312K, 36% used [0x00000000e4300000,0x00000000e47cc208,0x00000000e5000000)
  to   space 12800K, 0% used [0x00000000e3680000,0x00000000e3680000,0x00000000e4300000)
 ParOldGen       total 137728K, used 47554K [0x0000000080000000, 0x0000000088680000, 0x00000000d5580000)
  object space 137728K, 34% used [0x0000000080000000,0x0000000082e708b0,0x0000000088680000)
 Metaspace       used 37189K, capacity 40518K, committed 40832K, reserved 1085440K
  class space    used 4149K, capacity 5173K, committed 5248K, reserved 1048576K
Event: 12.645 GC heap after
Heap after GC invocations=13 (full 2):
 PSYoungGen      total 243200K, used 11093K [0x00000000d5580000, 0x00000000e8800000, 0x0000000100000000)
  eden space 230400K, 0% used [0x00000000d5580000,0x00000000d5580000,0x00000000e3680000)
  from space 12800K, 86% used [0x00000000e3680000,0x00000000e4155778,0x00000000e4300000)
  to   space 13824K, 0% used [0x00000000e7a80000,0x00000000e7a80000,0x00000000e8800000)
 ParOldGen       total 137728K, used 47562K [0x0000000080000000, 0x0000000088680000, 0x00000000d5580000)
  object space 137728K, 34% used [0x0000000080000000,0x0000000082e728b0,0x0000000088680000)
 Metaspace       used 37189K, capacity 40518K, committed 40832K, reserved 1085440K
  class space    used 4149K, capacity 5173K, committed 5248K, reserved 1048576K
}
Event: 14.588 GC heap before
{Heap before GC invocations=14 (full 2):
 PSYoungGen      total 243200K, used 241493K [0x00000000d5580000, 0x00000000e8800000, 0x0000000100000000)
  eden space 230400K, 100% used [0x00000000d5580000,0x00000000e3680000,0x00000000e3680000)
  from space 12800K, 86% used [0x00000000e3680000,0x00000000e4155778,0x00000000e4300000)
  to   space 13824K, 0% used [0x00000000e7a80000,0x00000000e7a80000,0x00000000e8800000)
 ParOldGen       total 137728K, used 47562K [0x0000000080000000, 0x0000000088680000, 0x00000000d5580000)
  object space 137728K, 34% used [0x0000000080000000,0x0000000082e728b0,0x0000000088680000)
 Metaspace       used 44192K, capacity 49022K, committed 49152K, reserved 1091584K
  class space    used 5111K, capacity 6604K, committed 6656K, reserved 1048576K
Event: 14.614 GC heap after
Heap after GC invocations=14 (full 2):
 PSYoungGen      total 296960K, used 13816K [0x00000000d5580000, 0x00000000e8c80000, 0x0000000100000000)
  eden space 283136K, 0% used [0x00000000d5580000,0x00000000d5580000,0x00000000e6a00000)
  from space 13824K, 99% used [0x00000000e7a80000,0x00000000e87fe290,0x00000000e8800000)
  to   space 16896K, 0% used [0x00000000e6a00000,0x00000000e6a00000,0x00000000e7a80000)
 ParOldGen       total 137728K, used 50966K [0x0000000080000000, 0x0000000088680000, 0x00000000d5580000)
  object space 137728K, 37% used [0x0000000080000000,0x00000000831c5aa0,0x0000000088680000)
 Metaspace       used 44192K, capacity 49022K, committed 49152K, reserved 1091584K
  class space    used 5111K, capacity 6604K, committed 6656K, reserved 1048576K
}
Event: 15.188 GC heap before
{Heap before GC invocations=15 (full 2):
 PSYoungGen      total 296960K, used 76782K [0x00000000d5580000, 0x00000000e8c80000, 0x0000000100000000)
  eden space 283136K, 22% used [0x00000000d5580000,0x00000000d92fd7b0,0x00000000e6a00000)
  from space 13824K, 99% used [0x00000000e7a80000,0x00000000e87fe290,0x00000000e8800000)
  to   space 16896K, 0% used [0x00000000e6a00000,0x00000000e6a00000,0x00000000e7a80000)
 ParOldGen       total 137728K, used 50966K [0x0000000080000000, 0x0000000088680000, 0x00000000d5580000)
  object space 137728K, 37% used [0x0000000080000000,0x00000000831c5aa0,0x0000000088680000)
 Metaspace       used 45768K, capacity 50856K, committed 50944K, reserved 1093632K
  class space    used 5555K, capacity 7135K, committed 7168K, reserved 1048576K
Event: 15.215 GC heap after
Heap after GC invocations=15 (full 2):
 PSYoungGen      total 300032K, used 13185K [0x00000000d5580000, 0x00000000edd00000, 0x0000000100000000)
  eden space 283136K, 0% used [0x00000000d5580000,0x00000000d5580000,0x00000000e6a00000)
  from space 16896K, 78% used [0x00000000e6a00000,0x00000000e76e07a0,0x00000000e7a80000)
  to   space 17920K, 0% used [0x00000000ecb80000,0x00000000ecb80000,0x00000000edd00000)
 ParOldGen       total 137728K, used 53298K [0x0000000080000000, 0x0000000088680000, 0x00000000d5580000)
  object space 137728K, 38% used [0x0000000080000000,0x000000008340cb98,0x0000000088680000)
 Metaspace       used 45768K, capacity 50856K, committed 50944K, reserved 1093632K
  class space    used 5555K, capacity 7135K, committed 7168K, reserved 1048576K
}
Event: 15.215 GC heap before
{Heap before GC invocations=16 (full 3):
 PSYoungGen      total 300032K, used 13185K [0x00000000d5580000, 0x00000000edd00000, 0x0000000100000000)
  eden space 283136K, 0% used [0x00000000d5580000,0x00000000d5580000,0x00000000e6a00000)
  from space 16896K, 78% used [0x00000000e6a00000,0x00000000e76e07a0,0x00000000e7a80000)
  to   space 17920K, 0% used [0x00000000ecb80000,0x00000000ecb80000,0x00000000edd00000)
 ParOldGen       total 137728K, used 53298K [0x0000000080000000, 0x0000000088680000, 0x00000000d5580000)
  object space 137728K, 38% used [0x0000000080000000,0x000000008340cb98,0x0000000088680000)
 Metaspace       used 45768K, capacity 50856K, committed 50944K, reserved 1093632K
  class space    used 5555K, capacity 7135K, committed 7168K, reserved 1048576K
Event: 15.496 GC heap after
Heap after GC invocations=16 (full 3):
 PSYoungGen      total 300032K, used 0K [0x00000000d5580000, 0x00000000edd00000, 0x0000000100000000)
  eden space 283136K, 0% used [0x00000000d5580000,0x00000000d5580000,0x00000000e6a00000)
  from space 16896K, 0% used [0x00000000e6a00000,0x00000000e6a00000,0x00000000e7a80000)
  to   space 17920K, 0% used [0x00000000ecb80000,0x00000000ecb80000,0x00000000edd00000)
 ParOldGen       total 160256K, used 58856K [0x0000000080000000, 0x0000000089c80000, 0x00000000d5580000)
  object space 160256K, 36% used [0x0000000080000000,0x000000008397a370,0x0000000089c80000)
 Metaspace       used 45768K, capacity 50856K, committed 50944K, reserved 1093632K
  class space    used 5555K, capacity 7135K, committed 7168K, reserved 1048576K
}
Event: 17.962 GC heap before
{Heap before GC invocations=17 (full 3):
 PSYoungGen      total 300032K, used 283136K [0x00000000d5580000, 0x00000000edd00000, 0x0000000100000000)
  eden space 283136K, 100% used [0x00000000d5580000,0x00000000e6a00000,0x00000000e6a00000)
  from space 16896K, 0% used [0x00000000e6a00000,0x00000000e6a00000,0x00000000e7a80000)
  to   space 17920K, 0% used [0x00000000ecb80000,0x00000000ecb80000,0x00000000edd00000)
 ParOldGen       total 160256K, used 58856K [0x0000000080000000, 0x0000000089c80000, 0x00000000d5580000)
  object space 160256K, 36% used [0x0000000080000000,0x000000008397a370,0x0000000089c80000)
 Metaspace       used 52679K, capacity 58328K, committed 58496K, reserved 1099776K
  class space    used 6212K, capacity 7953K, committed 8064K, reserved 1048576K
Event: 17.985 GC heap after
Heap after GC invocations=17 (full 3):
 PSYoungGen      total 355328K, used 8449K [0x00000000d5580000, 0x00000000ed400000, 0x0000000100000000)
  eden space 346624K, 0% used [0x00000000d5580000,0x00000000d5580000,0x00000000ea800000)
  from space 8704K, 97% used [0x00000000ecb80000,0x00000000ed3c0698,0x00000000ed400000)
  to   space 16896K, 0% used [0x00000000eb300000,0x00000000eb300000,0x00000000ec380000)
 ParOldGen       total 160256K, used 58864K [0x0000000080000000, 0x0000000089c80000, 0x00000000d5580000)
  object space 160256K, 36% used [0x0000000080000000,0x000000008397c370,0x0000000089c80000)
 Metaspace       used 52679K, capacity 58328K, committed 58496K, reserved 1099776K
  class space    used 6212K, capacity 7953K, committed 8064K, reserved 1048576K
}

