# JRE version: Java(TM) SE Runtime Environment (8.0_111-b14) (build 1.8.0_111-b14)
# Java VM: Java HotSpot(TM) 64-Bit Server VM (25.111-b14 mixed mode windows-amd64 compressed oops)
Heap:
 PSYoungGen      total 341504K, used 78938K [0x00000000d5580000, 0x00000000ef600000, 0x0000000100000000)
  eden space 326656K, 19% used [0x00000000d5580000,0x00000000d9418e28,0x00000000e9480000)
  from space 14848K, 99% used [0x00000000e9480000,0x00000000ea2fdcd0,0x00000000ea300000)
  to   space 27136K, 0% used [0x00000000edb80000,0x00000000edb80000,0x00000000ef600000)
 ParOldGen       total 160768K, used 85738K [0x0000000080000000, 0x0000000089d00000, 0x00000000d5580000)
  object space 160768K, 53% used [0x0000000080000000,0x00000000853ba988,0x0000000089d00000)
 Metaspace       used 59128K, capacity 67266K, committed 67416K, reserved 1107968K
  class space    used 7245K, capacity 9555K, committed 9600K, reserved 1048576K
GC Heap History (10 events):
Event: 23.094 GC heap before
{Heap before GC invocations=14 (full 2):
 PSYoungGen      total 221184K, used 218623K [0x00000000d5580000, 0x00000000e7080000, 0x0000000100000000)
  eden space 209408K, 100% used [0x00000000d5580000,0x00000000e2200000,0x00000000e2200000)
  from space 11776K, 78% used [0x00000000e2200000,0x00000000e2affc58,0x00000000e2d80000)
  to   space 12288K, 0% used [0x00000000e6480000,0x00000000e6480000,0x00000000e7080000)
 ParOldGen       total 138752K, used 49526K [0x0000000080000000, 0x0000000088780000, 0x00000000d5580000)
  object space 138752K, 35% used [0x0000000080000000,0x000000008305d948,0x0000000088780000)
 Metaspace       used 42878K, capacity 47224K, committed 47488K, reserved 1091584K
  class space    used 4895K, capacity 6249K, committed 6272K, reserved 1048576K
Event: 23.126 GC heap after
Heap after GC invocations=14 (full 2):
 PSYoungGen      total 273408K, used 12269K [0x00000000d5580000, 0x00000000e7080000, 0x0000000100000000)
  eden space 261120K, 0% used [0x00000000d5580000,0x00000000d5580000,0x00000000e5480000)
  from space 12288K, 99% used [0x00000000e6480000,0x00000000e707b648,0x00000000e7080000)
  to   space 14336K, 0% used [0x00000000e5480000,0x00000000e5480000,0x00000000e6280000)
 ParOldGen       total 138752K, used 51203K [0x0000000080000000, 0x0000000088780000, 0x00000000d5580000)
  object space 138752K, 36% used [0x0000000080000000,0x0000000083200d78,0x0000000088780000)
 Metaspace       used 42878K, capacity 47224K, committed 47488K, reserved 1091584K
  class space    used 4895K, capacity 6249K, committed 6272K, reserved 1048576K
}
Event: 24.114 GC heap before
{Heap before GC invocations=15 (full 2):
 PSYoungGen      total 273408K, used 92041K [0x00000000d5580000, 0x00000000e7080000, 0x0000000100000000)
  eden space 261120K, 30% used [0x00000000d5580000,0x00000000da366dc0,0x00000000e5480000)
  from space 12288K, 99% used [0x00000000e6480000,0x00000000e707b648,0x00000000e7080000)
  to   space 14336K, 0% used [0x00000000e5480000,0x00000000e5480000,0x00000000e6280000)
 ParOldGen       total 138752K, used 51203K [0x0000000080000000, 0x0000000088780000, 0x00000000d5580000)
  object space 138752K, 36% used [0x0000000080000000,0x0000000083200d78,0x0000000088780000)
 Metaspace       used 45092K, capacity 49942K, committed 50136K, reserved 1093632K
  class space    used 5406K, capacity 6892K, committed 6912K, reserved 1048576K
Event: 24.149 GC heap after
Heap after GC invocations=15 (full 2):
 PSYoungGen      total 275456K, used 12623K [0x00000000d5580000, 0x00000000eb800000, 0x0000000100000000)
  eden space 261120K, 0% used [0x00000000d5580000,0x00000000d5580000,0x00000000e5480000)
  from space 14336K, 88% used [0x00000000e5480000,0x00000000e60d3d10,0x00000000e6280000)
  to   space 15360K, 0% used [0x00000000ea900000,0x00000000ea900000,0x00000000eb800000)
 ParOldGen       total 138752K, used 53243K [0x0000000080000000, 0x0000000088780000, 0x00000000d5580000)
  object space 138752K, 38% used [0x0000000080000000,0x00000000833fed78,0x0000000088780000)
 Metaspace       used 45092K, capacity 49942K, committed 50136K, reserved 1093632K
  class space    used 5406K, capacity 6892K, committed 6912K, reserved 1048576K
}
Event: 24.149 GC heap before
{Heap before GC invocations=16 (full 3):
 PSYoungGen      total 275456K, used 12623K [0x00000000d5580000, 0x00000000eb800000, 0x0000000100000000)
  eden space 261120K, 0% used [0x00000000d5580000,0x00000000d5580000,0x00000000e5480000)
  from space 14336K, 88% used [0x00000000e5480000,0x00000000e60d3d10,0x00000000e6280000)
  to   space 15360K, 0% used [0x00000000ea900000,0x00000000ea900000,0x00000000eb800000)
 ParOldGen       total 138752K, used 53243K [0x0000000080000000, 0x0000000088780000, 0x00000000d5580000)
  object space 138752K, 38% used [0x0000000080000000,0x00000000833fed78,0x0000000088780000)
 Metaspace       used 45092K, capacity 49942K, committed 50136K, reserved 1093632K
  class space    used 5406K, capacity 6892K, committed 6912K, reserved 1048576K
Event: 24.705 GC heap after
Heap after GC invocations=16 (full 3):
 PSYoungGen      total 275456K, used 0K [0x00000000d5580000, 0x00000000eb800000, 0x0000000100000000)
  eden space 261120K, 0% used [0x00000000d5580000,0x00000000d5580000,0x00000000e5480000)
  from space 14336K, 0% used [0x00000000e5480000,0x00000000e5480000,0x00000000e6280000)
  to   space 15360K, 0% used [0x00000000ea900000,0x00000000ea900000,0x00000000eb800000)
 ParOldGen       total 160768K, used 57458K [0x0000000080000000, 0x0000000089d00000, 0x00000000d5580000)
  object space 160768K, 35% used [0x0000000080000000,0x000000008381c858,0x0000000089d00000)
 Metaspace       used 45092K, capacity 49942K, committed 50136K, reserved 1093632K
  class space    used 5406K, capacity 6892K, committed 6912K, reserved 1048576K
}
Event: 30.988 GC heap before
{Heap before GC invocations=17 (full 3):
 PSYoungGen      total 275456K, used 261120K [0x00000000d5580000, 0x00000000eb800000, 0x0000000100000000)
  eden space 261120K, 100% used [0x00000000d5580000,0x00000000e5480000,0x00000000e5480000)
  from space 14336K, 0% used [0x00000000e5480000,0x00000000e5480000,0x00000000e6280000)
  to   space 15360K, 0% used [0x00000000ea900000,0x00000000ea900000,0x00000000eb800000)
 ParOldGen       total 160768K, used 57458K [0x0000000080000000, 0x0000000089d00000, 0x00000000d5580000)
  object space 160768K, 35% used [0x0000000080000000,0x000000008381c858,0x0000000089d00000)
 Metaspace       used 51399K, capacity 56918K, committed 57048K, reserved 1097728K
  class space    used 6120K, capacity 7828K, committed 7936K, reserved 1048576K
Event: 31.030 GC heap after
Heap after GC invocations=17 (full 3):
 PSYoungGen      total 323072K, used 8621K [0x00000000d5580000, 0x00000000eb180000, 0x0000000100000000)
  eden space 314368K, 0% used [0x00000000d5580000,0x00000000d5580000,0x00000000e8880000)
  from space 8704K, 99% used [0x00000000ea900000,0x00000000eb16b680,0x00000000eb180000)
  to   space 14848K, 0% used [0x00000000e9480000,0x00000000e9480000,0x00000000ea300000)
 ParOldGen       total 160768K, used 57466K [0x0000000080000000, 0x0000000089d00000, 0x00000000d5580000)
  object space 160768K, 35% used [0x0000000080000000,0x000000008381e858,0x0000000089d00000)
 Metaspace       used 51399K, capacity 56918K, committed 57048K, reserved 1097728K
  class space    used 6120K, capacity 7828K, committed 7936K, reserved 1048576K
}
Event: 37.785 GC heap before
{Heap before GC invocations=18 (full 3):
 PSYoungGen      total 323072K, used 322989K [0x00000000d5580000, 0x00000000eb180000, 0x0000000100000000)
  eden space 314368K, 100% used [0x00000000d5580000,0x00000000e8880000,0x00000000e8880000)
  from space 8704K, 99% used [0x00000000ea900000,0x00000000eb16b680,0x00000000eb180000)
  to   space 14848K, 0% used [0x00000000e9480000,0x00000000e9480000,0x00000000ea300000)
 ParOldGen       total 160768K, used 57466K [0x0000000080000000, 0x0000000089d00000, 0x00000000d5580000)
  object space 160768K, 35% used [0x0000000080000000,0x000000008381e858,0x0000000089d00000)
 Metaspace       used 58939K, capacity 66880K, committed 67160K, reserved 1107968K
  class space    used 7232K, capacity 9534K, committed 9600K, reserved 1048576K
Event: 37.842 GC heap after
Heap after GC invocations=18 (full 3):
 PSYoungGen      total 341504K, used 14839K [0x00000000d5580000, 0x00000000ef600000, 0x0000000100000000)
  eden space 326656K, 0% used [0x00000000d5580000,0x00000000d5580000,0x00000000e9480000)
  from space 14848K, 99% used [0x00000000e9480000,0x00000000ea2fdcd0,0x00000000ea300000)
  to   space 27136K, 0% used [0x00000000edb80000,0x00000000edb80000,0x00000000ef600000)
 ParOldGen       total 160768K, used 85738K [0x0000000080000000, 0x0000000089d00000, 0x00000000d5580000)
  object space 160768K, 53% used [0x0000000080000000,0x00000000853ba988,0x0000000089d00000)
 Metaspace       used 58939K, capacity 66880K, committed 67160K, reserved 1107968K
  class space    used 7232K, capacity 9534K, committed 9600K, reserved 1048576K
}

