# JRE version: Java(TM) SE Runtime Environment (8.0_111-b14) (build 1.8.0_111-b14)
# Java VM: Java HotSpot(TM) 64-Bit Server VM (25.111-b14 mixed mode windows-amd64 compressed oops)
Heap:
 PSYoungGen      total 341504K, used 223647K [0x00000000d5580000, 0x00000000f4500000, 0x0000000100000000)
  eden space 313856K, 62% used [0x00000000d5580000,0x00000000e1675d30,0x00000000e8800000)
  from space 27648K, 94% used [0x00000000ecb00000,0x00000000ee4722b8,0x00000000ee600000)
  to   space 68608K, 0% used [0x00000000e8800000,0x00000000e8800000,0x00000000ecb00000)
 ParOldGen       total 341504K, used 199542K [0x0000000080000000, 0x0000000094d80000, 0x00000000d5580000)
  object space 341504K, 58% used [0x0000000080000000,0x000000008c2ddab8,0x0000000094d80000)
 Metaspace       used 58477K, capacity 66796K, committed 67200K, reserved 1107968K
  class space    used 7225K, capacity 9522K, committed 9600K, reserved 1048576K
GC Heap History (10 events):
Event: 30.886 GC heap before
{Heap before GC invocations=18 (full 3):
 PSYoungGen      total 265216K, used 6671K [0x00000000d5580000, 0x00000000eb000000, 0x0000000100000000)
  eden space 253952K, 0% used [0x00000000d5580000,0x00000000d5580000,0x00000000e4d80000)
  from space 11264K, 59% used [0x00000000e4d80000,0x00000000e5403e98,0x00000000e5880000)
  to   space 11264K, 0% used [0x00000000ea500000,0x00000000ea500000,0x00000000eb000000)
 ParOldGen       total 122880K, used 54527K [0x0000000080000000, 0x0000000087800000, 0x00000000d5580000)
  object space 122880K, 44% used [0x0000000080000000,0x000000008353fe10,0x0000000087800000)
 Metaspace       used 44622K, capacity 49424K, committed 49496K, reserved 1091584K
  class space    used 5413K, capacity 6891K, committed 6912K, reserved 1048576K
Event: 31.918 GC heap after
Heap after GC invocations=18 (full 3):
 PSYoungGen      total 265216K, used 0K [0x00000000d5580000, 0x00000000eb000000, 0x0000000100000000)
  eden space 253952K, 0% used [0x00000000d5580000,0x00000000d5580000,0x00000000e4d80000)
  from space 11264K, 0% used [0x00000000e4d80000,0x00000000e4d80000,0x00000000e5880000)
  to   space 11264K, 0% used [0x00000000ea500000,0x00000000ea500000,0x00000000eb000000)
 ParOldGen       total 145920K, used 58379K [0x0000000080000000, 0x0000000088e80000, 0x00000000d5580000)
  object space 145920K, 40% used [0x0000000080000000,0x0000000083902d80,0x0000000088e80000)
 Metaspace       used 44622K, capacity 49424K, committed 49496K, reserved 1091584K
  class space    used 5413K, capacity 6891K, committed 6912K, reserved 1048576K
}
Event: 39.131 GC heap before
{Heap before GC invocations=19 (full 3):
 PSYoungGen      total 265216K, used 253952K [0x00000000d5580000, 0x00000000eb000000, 0x0000000100000000)
  eden space 253952K, 100% used [0x00000000d5580000,0x00000000e4d80000,0x00000000e4d80000)
  from space 11264K, 0% used [0x00000000e4d80000,0x00000000e4d80000,0x00000000e5880000)
  to   space 11264K, 0% used [0x00000000ea500000,0x00000000ea500000,0x00000000eb000000)
 ParOldGen       total 145920K, used 58379K [0x0000000080000000, 0x0000000088e80000, 0x00000000d5580000)
  object space 145920K, 40% used [0x0000000080000000,0x0000000083902d80,0x0000000088e80000)
 Metaspace       used 50855K, capacity 56814K, committed 57088K, reserved 1097728K
  class space    used 6253K, capacity 8066K, committed 8192K, reserved 1048576K
Event: 39.192 GC heap after
Heap after GC invocations=19 (full 3):
 PSYoungGen      total 314880K, used 11248K [0x00000000d5580000, 0x00000000eb100000, 0x0000000100000000)
  eden space 303616K, 0% used [0x00000000d5580000,0x00000000d5580000,0x00000000e7e00000)
  from space 11264K, 99% used [0x00000000ea500000,0x00000000eaffc3e0,0x00000000eb000000)
  to   space 26112K, 0% used [0x00000000e7e00000,0x00000000e7e00000,0x00000000e9780000)
 ParOldGen       total 145920K, used 94959K [0x0000000080000000, 0x0000000088e80000, 0x00000000d5580000)
  object space 145920K, 65% used [0x0000000080000000,0x0000000085cbbc58,0x0000000088e80000)
 Metaspace       used 50855K, capacity 56814K, committed 57088K, reserved 1097728K
  class space    used 6253K, capacity 8066K, committed 8192K, reserved 1048576K
}
Event: 47.830 GC heap before
{Heap before GC invocations=20 (full 3):
 PSYoungGen      total 314880K, used 314864K [0x00000000d5580000, 0x00000000eb100000, 0x0000000100000000)
  eden space 303616K, 100% used [0x00000000d5580000,0x00000000e7e00000,0x00000000e7e00000)
  from space 11264K, 99% used [0x00000000ea500000,0x00000000eaffc3e0,0x00000000eb000000)
  to   space 26112K, 0% used [0x00000000e7e00000,0x00000000e7e00000,0x00000000e9780000)
 ParOldGen       total 145920K, used 94959K [0x0000000080000000, 0x0000000088e80000, 0x00000000d5580000)
  object space 145920K, 65% used [0x0000000080000000,0x0000000085cbbc58,0x0000000088e80000)
 Metaspace       used 57854K, capacity 65662K, committed 65792K, reserved 1105920K
  class space    used 7186K, capacity 9463K, committed 9472K, reserved 1048576K
Event: 48.227 GC heap after
Heap after GC invocations=20 (full 3):
 PSYoungGen      total 329728K, used 18579K [0x00000000d5580000, 0x00000000ee600000, 0x0000000100000000)
  eden space 303616K, 0% used [0x00000000d5580000,0x00000000d5580000,0x00000000e7e00000)
  from space 26112K, 71% used [0x00000000e7e00000,0x00000000e9024de0,0x00000000e9780000)
  to   space 27648K, 0% used [0x00000000ecb00000,0x00000000ecb00000,0x00000000ee600000)
 ParOldGen       total 145920K, used 106067K [0x0000000080000000, 0x0000000088e80000, 0x00000000d5580000)
  object space 145920K, 72% used [0x0000000080000000,0x0000000086794df0,0x0000000088e80000)
 Metaspace       used 57854K, capacity 65662K, committed 65792K, reserved 1105920K
  class space    used 7186K, capacity 9463K, committed 9472K, reserved 1048576K
}
Event: 52.576 GC heap before
{Heap before GC invocations=21 (full 3):
 PSYoungGen      total 329728K, used 320344K [0x00000000d5580000, 0x00000000ee600000, 0x0000000100000000)
  eden space 303616K, 99% used [0x00000000d5580000,0x00000000e7c314b8,0x00000000e7e00000)
  from space 26112K, 71% used [0x00000000e7e00000,0x00000000e9024de0,0x00000000e9780000)
  to   space 27648K, 0% used [0x00000000ecb00000,0x00000000ecb00000,0x00000000ee600000)
 ParOldGen       total 145920K, used 106067K [0x0000000080000000, 0x0000000088e80000, 0x00000000d5580000)
  object space 145920K, 72% used [0x0000000080000000,0x0000000086794df0,0x0000000088e80000)
 Metaspace       used 58396K, capacity 66610K, committed 66688K, reserved 1105920K
  class space    used 7215K, capacity 9529K, committed 9600K, reserved 1048576K
Event: 52.964 GC heap after
Heap after GC invocations=21 (full 3):
 PSYoungGen      total 341504K, used 27622K [0x00000000d5580000, 0x00000000f4500000, 0x0000000100000000)
  eden space 313856K, 0% used [0x00000000d5580000,0x00000000d5580000,0x00000000e8800000)
  from space 27648K, 99% used [0x00000000ecb00000,0x00000000ee5f9b80,0x00000000ee600000)
  to   space 68608K, 0% used [0x00000000e8800000,0x00000000e8800000,0x00000000ecb00000)
 ParOldGen       total 205824K, used 205245K [0x0000000080000000, 0x000000008c900000, 0x00000000d5580000)
  object space 205824K, 99% used [0x0000000080000000,0x000000008c86f410,0x000000008c900000)
 Metaspace       used 58396K, capacity 66610K, committed 66688K, reserved 1105920K
  class space    used 7215K, capacity 9529K, committed 9600K, reserved 1048576K
}
Event: 52.964 GC heap before
{Heap before GC invocations=22 (full 4):
 PSYoungGen      total 341504K, used 27622K [0x00000000d5580000, 0x00000000f4500000, 0x0000000100000000)
  eden space 313856K, 0% used [0x00000000d5580000,0x00000000d5580000,0x00000000e8800000)
  from space 27648K, 99% used [0x00000000ecb00000,0x00000000ee5f9b80,0x00000000ee600000)
  to   space 68608K, 0% used [0x00000000e8800000,0x00000000e8800000,0x00000000ecb00000)
 ParOldGen       total 205824K, used 205245K [0x0000000080000000, 0x000000008c900000, 0x00000000d5580000)
  object space 205824K, 99% used [0x0000000080000000,0x000000008c86f410,0x000000008c900000)
 Metaspace       used 58396K, capacity 66610K, committed 66688K, reserved 1105920K
  class space    used 7215K, capacity 9529K, committed 9600K, reserved 1048576K
Event: 54.832 GC heap after
Heap after GC invocations=22 (full 4):
 PSYoungGen      total 341504K, used 26056K [0x00000000d5580000, 0x00000000f4500000, 0x0000000100000000)
  eden space 313856K, 0% used [0x00000000d5580000,0x00000000d5580000,0x00000000e8800000)
  from space 27648K, 94% used [0x00000000ecb00000,0x00000000ee4722b8,0x00000000ee600000)
  to   space 68608K, 0% used [0x00000000e8800000,0x00000000e8800000,0x00000000ecb00000)
 ParOldGen       total 341504K, used 199542K [0x0000000080000000, 0x0000000094d80000, 0x00000000d5580000)
  object space 341504K, 58% used [0x0000000080000000,0x000000008c2ddab8,0x0000000094d80000)
 Metaspace       used 57908K, capacity 65802K, committed 66688K, reserved 1105920K
  class space    used 7186K, capacity 9423K, committed 9600K, reserved 1048576K
}

