# JRE version: Java(TM) SE Runtime Environment (8.0_111-b14) (build 1.8.0_111-b14)
# Java VM: Java HotSpot(TM) 64-Bit Server VM (25.111-b14 mixed mode windows-amd64 compressed oops)
Heap:
 PSYoungGen      total 377344K, used 311391K [0x00000000d5580000, 0x00000000eea00000, 0x0000000100000000)
  eden space 368128K, 82% used [0x00000000d5580000,0x00000000e7cb5d08,0x00000000ebd00000)
  from space 9216K, 98% used [0x00000000ee100000,0x00000000ee9e2058,0x00000000eea00000)
  to   space 12800K, 0% used [0x00000000ed100000,0x00000000ed100000,0x00000000edd80000)
 ParOldGen       total 154624K, used 58782K [0x0000000080000000, 0x0000000089700000, 0x00000000d5580000)
  object space 154624K, 38% used [0x0000000080000000,0x0000000083967878,0x0000000089700000)
 Metaspace       used 59118K, capacity 67386K, committed 67456K, reserved 1107968K
  class space    used 7215K, capacity 9553K, committed 9600K, reserved 1048576K
GC Heap History (10 events):
Event: 21.692 GC heap before
{Heap before GC invocations=13 (full 2):
 PSYoungGen      total 243200K, used 237528K [0x00000000d5580000, 0x00000000e6000000, 0x0000000100000000)
  eden space 231424K, 100% used [0x00000000d5580000,0x00000000e3780000,0x00000000e3780000)
  from space 11776K, 51% used [0x00000000e4280000,0x00000000e4876298,0x00000000e4e00000)
  to   space 11264K, 0% used [0x00000000e3780000,0x00000000e3780000,0x00000000e4280000)
 ParOldGen       total 133632K, used 48152K [0x0000000080000000, 0x0000000088280000, 0x00000000d5580000)
  object space 133632K, 36% used [0x0000000080000000,0x0000000082f06040,0x0000000088280000)
 Metaspace       used 37420K, capacity 40746K, committed 40832K, reserved 1085440K
  class space    used 4178K, capacity 5205K, committed 5248K, reserved 1048576K
Event: 21.724 GC heap after
Heap after GC invocations=13 (full 2):
 PSYoungGen      total 242688K, used 7625K [0x00000000d5580000, 0x00000000e9500000, 0x0000000100000000)
  eden space 231424K, 0% used [0x00000000d5580000,0x00000000d5580000,0x00000000e3780000)
  from space 11264K, 67% used [0x00000000e3780000,0x00000000e3ef2748,0x00000000e4280000)
  to   space 11264K, 0% used [0x00000000e8a00000,0x00000000e8a00000,0x00000000e9500000)
 ParOldGen       total 133632K, used 51084K [0x0000000080000000, 0x0000000088280000, 0x00000000d5580000)
  object space 133632K, 38% used [0x0000000080000000,0x00000000831e31d8,0x0000000088280000)
 Metaspace       used 37420K, capacity 40746K, committed 40832K, reserved 1085440K
  class space    used 4178K, capacity 5205K, committed 5248K, reserved 1048576K
}
Event: 25.258 GC heap before
{Heap before GC invocations=14 (full 2):
 PSYoungGen      total 242688K, used 239049K [0x00000000d5580000, 0x00000000e9500000, 0x0000000100000000)
  eden space 231424K, 100% used [0x00000000d5580000,0x00000000e3780000,0x00000000e3780000)
  from space 11264K, 67% used [0x00000000e3780000,0x00000000e3ef2748,0x00000000e4280000)
  to   space 11264K, 0% used [0x00000000e8a00000,0x00000000e8a00000,0x00000000e9500000)
 ParOldGen       total 133632K, used 51084K [0x0000000080000000, 0x0000000088280000, 0x00000000d5580000)
  object space 133632K, 38% used [0x0000000080000000,0x00000000831e31d8,0x0000000088280000)
 Metaspace       used 44476K, capacity 49286K, committed 49536K, reserved 1091584K
  class space    used 5252K, capacity 6732K, committed 6784K, reserved 1048576K
Event: 25.283 GC heap after
Heap after GC invocations=14 (full 2):
 PSYoungGen      total 310272K, used 10834K [0x00000000d5580000, 0x00000000e9500000, 0x0000000100000000)
  eden space 299008K, 0% used [0x00000000d5580000,0x00000000d5580000,0x00000000e7980000)
  from space 11264K, 96% used [0x00000000e8a00000,0x00000000e9494830,0x00000000e9500000)
  to   space 12288K, 0% used [0x00000000e7d00000,0x00000000e7d00000,0x00000000e8900000)
 ParOldGen       total 133632K, used 54828K [0x0000000080000000, 0x0000000088280000, 0x00000000d5580000)
  object space 133632K, 41% used [0x0000000080000000,0x000000008358b178,0x0000000088280000)
 Metaspace       used 44476K, capacity 49286K, committed 49536K, reserved 1091584K
  class space    used 5252K, capacity 6732K, committed 6784K, reserved 1048576K
}
Event: 25.928 GC heap before
{Heap before GC invocations=15 (full 2):
 PSYoungGen      total 310272K, used 65651K [0x00000000d5580000, 0x00000000e9500000, 0x0000000100000000)
  eden space 299008K, 18% used [0x00000000d5580000,0x00000000d8b08740,0x00000000e7980000)
  from space 11264K, 96% used [0x00000000e8a00000,0x00000000e9494830,0x00000000e9500000)
  to   space 12288K, 0% used [0x00000000e7d00000,0x00000000e7d00000,0x00000000e8900000)
 ParOldGen       total 133632K, used 54828K [0x0000000080000000, 0x0000000088280000, 0x00000000d5580000)
  object space 133632K, 41% used [0x0000000080000000,0x000000008358b178,0x0000000088280000)
 Metaspace       used 45770K, capacity 50860K, committed 50944K, reserved 1093632K
  class space    used 5561K, capacity 7135K, committed 7168K, reserved 1048576K
Event: 25.943 GC heap after
Heap after GC invocations=15 (full 2):
 PSYoungGen      total 314880K, used 2115K [0x00000000d5580000, 0x00000000eed80000, 0x0000000100000000)
  eden space 302592K, 0% used [0x00000000d5580000,0x00000000d5580000,0x00000000e7d00000)
  from space 12288K, 17% used [0x00000000e7d00000,0x00000000e7f10c30,0x00000000e8900000)
  to   space 12800K, 0% used [0x00000000ee100000,0x00000000ee100000,0x00000000eed80000)
 ParOldGen       total 133632K, used 62371K [0x0000000080000000, 0x0000000088280000, 0x00000000d5580000)
  object space 133632K, 46% used [0x0000000080000000,0x0000000083ce8e38,0x0000000088280000)
 Metaspace       used 45770K, capacity 50860K, committed 50944K, reserved 1093632K
  class space    used 5561K, capacity 7135K, committed 7168K, reserved 1048576K
}
Event: 25.943 GC heap before
{Heap before GC invocations=16 (full 3):
 PSYoungGen      total 314880K, used 2115K [0x00000000d5580000, 0x00000000eed80000, 0x0000000100000000)
  eden space 302592K, 0% used [0x00000000d5580000,0x00000000d5580000,0x00000000e7d00000)
  from space 12288K, 17% used [0x00000000e7d00000,0x00000000e7f10c30,0x00000000e8900000)
  to   space 12800K, 0% used [0x00000000ee100000,0x00000000ee100000,0x00000000eed80000)
 ParOldGen       total 133632K, used 62371K [0x0000000080000000, 0x0000000088280000, 0x00000000d5580000)
  object space 133632K, 46% used [0x0000000080000000,0x0000000083ce8e38,0x0000000088280000)
 Metaspace       used 45770K, capacity 50860K, committed 50944K, reserved 1093632K
  class space    used 5561K, capacity 7135K, committed 7168K, reserved 1048576K
Event: 26.362 GC heap after
Heap after GC invocations=16 (full 3):
 PSYoungGen      total 314880K, used 0K [0x00000000d5580000, 0x00000000eed80000, 0x0000000100000000)
  eden space 302592K, 0% used [0x00000000d5580000,0x00000000d5580000,0x00000000e7d00000)
  from space 12288K, 0% used [0x00000000e7d00000,0x00000000e7d00000,0x00000000e8900000)
  to   space 12800K, 0% used [0x00000000ee100000,0x00000000ee100000,0x00000000eed80000)
 ParOldGen       total 154624K, used 58774K [0x0000000080000000, 0x0000000089700000, 0x00000000d5580000)
  object space 154624K, 38% used [0x0000000080000000,0x0000000083965878,0x0000000089700000)
 Metaspace       used 45770K, capacity 50860K, committed 50944K, reserved 1093632K
  class space    used 5561K, capacity 7135K, committed 7168K, reserved 1048576K
}
Event: 30.488 GC heap before
{Heap before GC invocations=17 (full 3):
 PSYoungGen      total 314880K, used 302592K [0x00000000d5580000, 0x00000000eed80000, 0x0000000100000000)
  eden space 302592K, 100% used [0x00000000d5580000,0x00000000e7d00000,0x00000000e7d00000)
  from space 12288K, 0% used [0x00000000e7d00000,0x00000000e7d00000,0x00000000e8900000)
  to   space 12800K, 0% used [0x00000000ee100000,0x00000000ee100000,0x00000000eed80000)
 ParOldGen       total 154624K, used 58774K [0x0000000080000000, 0x0000000089700000, 0x00000000d5580000)
  object space 154624K, 38% used [0x0000000080000000,0x0000000083965878,0x0000000089700000)
 Metaspace       used 53265K, capacity 58874K, committed 59008K, reserved 1099776K
  class space    used 6261K, capacity 7986K, committed 8064K, reserved 1048576K
Event: 30.511 GC heap after
Heap after GC invocations=17 (full 3):
 PSYoungGen      total 377344K, used 9096K [0x00000000d5580000, 0x00000000eea00000, 0x0000000100000000)
  eden space 368128K, 0% used [0x00000000d5580000,0x00000000d5580000,0x00000000ebd00000)
  from space 9216K, 98% used [0x00000000ee100000,0x00000000ee9e2058,0x00000000eea00000)
  to   space 12800K, 0% used [0x00000000ed100000,0x00000000ed100000,0x00000000edd80000)
 ParOldGen       total 154624K, used 58782K [0x0000000080000000, 0x0000000089700000, 0x00000000d5580000)
  object space 154624K, 38% used [0x0000000080000000,0x0000000083967878,0x0000000089700000)
 Metaspace       used 53265K, capacity 58874K, committed 59008K, reserved 1099776K
  class space    used 6261K, capacity 7986K, committed 8064K, reserved 1048576K
}

