# JRE version: Java(TM) SE Runtime Environment (8.0_111-b14) (build 1.8.0_111-b14)
# Java VM: Java HotSpot(TM) 64-Bit Server VM (25.111-b14 mixed mode windows-amd64 compressed oops)
Heap:
 PSYoungGen      total 303104K, used 136742K [0x00000000d5580000, 0x00000000ec400000, 0x0000000100000000)
  eden space 288768K, 42% used [0x00000000d5580000,0x00000000dcd0ca28,0x00000000e6f80000)
  from space 14336K, 99% used [0x00000000e6f80000,0x00000000e7d7cdf0,0x00000000e7d80000)
  to   space 26112K, 0% used [0x00000000eaa80000,0x00000000eaa80000,0x00000000ec400000)
 ParOldGen       total 169984K, used 85431K [0x0000000080000000, 0x000000008a600000, 0x00000000d5580000)
  object space 169984K, 50% used [0x0000000080000000,0x000000008536de80,0x000000008a600000)
 Metaspace       used 59080K, capacity 67216K, committed 67456K, reserved 1107968K
  class space    used 7238K, capacity 9554K, committed 9600K, reserved 1048576K
GC Heap History (10 events):
Event: 20.255 GC heap before
{Heap before GC invocations=14 (full 2):
 PSYoungGen      total 210944K, used 208863K [0x00000000d5580000, 0x00000000e5580000, 0x0000000100000000)
  eden space 200704K, 100% used [0x00000000d5580000,0x00000000e1980000,0x00000000e1980000)
  from space 10240K, 79% used [0x00000000e1980000,0x00000000e2177d68,0x00000000e2380000)
  to   space 10752K, 0% used [0x00000000e4b00000,0x00000000e4b00000,0x00000000e5580000)
 ParOldGen       total 139264K, used 45238K [0x0000000080000000, 0x0000000088800000, 0x00000000d5580000)
  object space 139264K, 32% used [0x0000000080000000,0x0000000082c2d9f8,0x0000000088800000)
 Metaspace       used 42170K, capacity 46598K, committed 46720K, reserved 1089536K
  class space    used 4815K, capacity 6185K, committed 6272K, reserved 1048576K
Event: 20.289 GC heap after
Heap after GC invocations=14 (full 2):
 PSYoungGen      total 249344K, used 10741K [0x00000000d5580000, 0x00000000e5a80000, 0x0000000100000000)
  eden space 238592K, 0% used [0x00000000d5580000,0x00000000d5580000,0x00000000e3e80000)
  from space 10752K, 99% used [0x00000000e4b00000,0x00000000e557d7e0,0x00000000e5580000)
  to   space 12800K, 0% used [0x00000000e3e80000,0x00000000e3e80000,0x00000000e4b00000)
 ParOldGen       total 139264K, used 47446K [0x0000000080000000, 0x0000000088800000, 0x00000000d5580000)
  object space 139264K, 34% used [0x0000000080000000,0x0000000082e55a88,0x0000000088800000)
 Metaspace       used 42170K, capacity 46598K, committed 46720K, reserved 1089536K
  class space    used 4815K, capacity 6185K, committed 6272K, reserved 1048576K
}
Event: 21.847 GC heap before
{Heap before GC invocations=15 (full 2):
 PSYoungGen      total 249344K, used 107155K [0x00000000d5580000, 0x00000000e5a80000, 0x0000000100000000)
  eden space 238592K, 40% used [0x00000000d5580000,0x00000000db3a7490,0x00000000e3e80000)
  from space 10752K, 99% used [0x00000000e4b00000,0x00000000e557d7e0,0x00000000e5580000)
  to   space 12800K, 0% used [0x00000000e3e80000,0x00000000e3e80000,0x00000000e4b00000)
 ParOldGen       total 139264K, used 47446K [0x0000000080000000, 0x0000000088800000, 0x00000000d5580000)
  object space 139264K, 34% used [0x0000000080000000,0x0000000082e55a88,0x0000000088800000)
 Metaspace       used 45003K, capacity 49846K, committed 49920K, reserved 1091584K
  class space    used 5369K, capacity 6860K, committed 6912K, reserved 1048576K
Event: 21.896 GC heap after
Heap after GC invocations=15 (full 2):
 PSYoungGen      total 251392K, used 12793K [0x00000000d5580000, 0x00000000e9200000, 0x0000000100000000)
  eden space 238592K, 0% used [0x00000000d5580000,0x00000000d5580000,0x00000000e3e80000)
  from space 12800K, 99% used [0x00000000e3e80000,0x00000000e4afe558,0x00000000e4b00000)
  to   space 14848K, 0% used [0x00000000e8380000,0x00000000e8380000,0x00000000e9200000)
 ParOldGen       total 139264K, used 49282K [0x0000000080000000, 0x0000000088800000, 0x00000000d5580000)
  object space 139264K, 35% used [0x0000000080000000,0x0000000083020b88,0x0000000088800000)
 Metaspace       used 45003K, capacity 49846K, committed 49920K, reserved 1091584K
  class space    used 5369K, capacity 6860K, committed 6912K, reserved 1048576K
}
Event: 21.896 GC heap before
{Heap before GC invocations=16 (full 3):
 PSYoungGen      total 251392K, used 12793K [0x00000000d5580000, 0x00000000e9200000, 0x0000000100000000)
  eden space 238592K, 0% used [0x00000000d5580000,0x00000000d5580000,0x00000000e3e80000)
  from space 12800K, 99% used [0x00000000e3e80000,0x00000000e4afe558,0x00000000e4b00000)
  to   space 14848K, 0% used [0x00000000e8380000,0x00000000e8380000,0x00000000e9200000)
 ParOldGen       total 139264K, used 49282K [0x0000000080000000, 0x0000000088800000, 0x00000000d5580000)
  object space 139264K, 35% used [0x0000000080000000,0x0000000083020b88,0x0000000088800000)
 Metaspace       used 45003K, capacity 49846K, committed 49920K, reserved 1091584K
  class space    used 5369K, capacity 6860K, committed 6912K, reserved 1048576K
Event: 22.536 GC heap after
Heap after GC invocations=16 (full 3):
 PSYoungGen      total 251392K, used 0K [0x00000000d5580000, 0x00000000e9200000, 0x0000000100000000)
  eden space 238592K, 0% used [0x00000000d5580000,0x00000000d5580000,0x00000000e3e80000)
  from space 12800K, 0% used [0x00000000e3e80000,0x00000000e3e80000,0x00000000e4b00000)
  to   space 14848K, 0% used [0x00000000e8380000,0x00000000e8380000,0x00000000e9200000)
 ParOldGen       total 169984K, used 57724K [0x0000000080000000, 0x000000008a600000, 0x00000000d5580000)
  object space 169984K, 33% used [0x0000000080000000,0x000000008385f310,0x000000008a600000)
 Metaspace       used 45003K, capacity 49846K, committed 49920K, reserved 1091584K
  class space    used 5369K, capacity 6860K, committed 6912K, reserved 1048576K
}
Event: 27.314 GC heap before
{Heap before GC invocations=17 (full 3):
 PSYoungGen      total 251392K, used 238592K [0x00000000d5580000, 0x00000000e9200000, 0x0000000100000000)
  eden space 238592K, 100% used [0x00000000d5580000,0x00000000e3e80000,0x00000000e3e80000)
  from space 12800K, 0% used [0x00000000e3e80000,0x00000000e3e80000,0x00000000e4b00000)
  to   space 14848K, 0% used [0x00000000e8380000,0x00000000e8380000,0x00000000e9200000)
 ParOldGen       total 169984K, used 57724K [0x0000000080000000, 0x000000008a600000, 0x00000000d5580000)
  object space 169984K, 33% used [0x0000000080000000,0x000000008385f310,0x000000008a600000)
 Metaspace       used 50611K, capacity 56174K, committed 56192K, reserved 1097728K
  class space    used 6074K, capacity 7796K, committed 7808K, reserved 1048576K
Event: 27.353 GC heap after
Heap after GC invocations=17 (full 3):
 PSYoungGen      total 287232K, used 7755K [0x00000000d5580000, 0x00000000e8b80000, 0x0000000100000000)
  eden space 279040K, 0% used [0x00000000d5580000,0x00000000d5580000,0x00000000e6600000)
  from space 8192K, 94% used [0x00000000e8380000,0x00000000e8b12cf0,0x00000000e8b80000)
  to   space 14336K, 0% used [0x00000000e6f80000,0x00000000e6f80000,0x00000000e7d80000)
 ParOldGen       total 169984K, used 57732K [0x0000000080000000, 0x000000008a600000, 0x00000000d5580000)
  object space 169984K, 33% used [0x0000000080000000,0x0000000083861310,0x000000008a600000)
 Metaspace       used 50611K, capacity 56174K, committed 56192K, reserved 1097728K
  class space    used 6074K, capacity 7796K, committed 7808K, reserved 1048576K
}
Event: 33.650 GC heap before
{Heap before GC invocations=18 (full 3):
 PSYoungGen      total 287232K, used 286795K [0x00000000d5580000, 0x00000000e8b80000, 0x0000000100000000)
  eden space 279040K, 100% used [0x00000000d5580000,0x00000000e6600000,0x00000000e6600000)
  from space 8192K, 94% used [0x00000000e8380000,0x00000000e8b12cf0,0x00000000e8b80000)
  to   space 14336K, 0% used [0x00000000e6f80000,0x00000000e6f80000,0x00000000e7d80000)
 ParOldGen       total 169984K, used 57732K [0x0000000080000000, 0x000000008a600000, 0x00000000d5580000)
  object space 169984K, 33% used [0x0000000080000000,0x0000000083861310,0x000000008a600000)
 Metaspace       used 58587K, capacity 66378K, committed 66560K, reserved 1105920K
  class space    used 7208K, capacity 9463K, committed 9472K, reserved 1048576K
Event: 33.717 GC heap after
Heap after GC invocations=18 (full 3):
 PSYoungGen      total 303104K, used 14323K [0x00000000d5580000, 0x00000000ec400000, 0x0000000100000000)
  eden space 288768K, 0% used [0x00000000d5580000,0x00000000d5580000,0x00000000e6f80000)
  from space 14336K, 99% used [0x00000000e6f80000,0x00000000e7d7cdf0,0x00000000e7d80000)
  to   space 26112K, 0% used [0x00000000eaa80000,0x00000000eaa80000,0x00000000ec400000)
 ParOldGen       total 169984K, used 85431K [0x0000000080000000, 0x000000008a600000, 0x00000000d5580000)
  object space 169984K, 50% used [0x0000000080000000,0x000000008536de80,0x000000008a600000)
 Metaspace       used 58587K, capacity 66378K, committed 66560K, reserved 1105920K
  class space    used 7208K, capacity 9463K, committed 9472K, reserved 1048576K
}

